[2025-03-28T08:56:56.981+0000] {local_task_job_runner.py:123} INFO - ::group::Pre task execution logs
[2025-03-28T08:56:57.001+0000] {taskinstance.py:2603} INFO - Dependencies all met for dep_context=non-requeueable deps ti=<TaskInstance: youtube_pipeline_dag.download_single_audio manual__2025-03-28T08:50:37.678257+00:00 map_index=2 [queued]>
[2025-03-28T08:56:57.011+0000] {taskinstance.py:2603} INFO - Dependencies all met for dep_context=requeueable deps ti=<TaskInstance: youtube_pipeline_dag.download_single_audio manual__2025-03-28T08:50:37.678257+00:00 map_index=2 [queued]>
[2025-03-28T08:56:57.012+0000] {taskinstance.py:2856} INFO - Starting attempt 2 of 2
[2025-03-28T08:56:57.023+0000] {taskinstance.py:2879} INFO - Executing <Mapped(_PythonVirtualenvDecoratedOperator): download_single_audio> on 2025-03-28 08:50:37.678257+00:00
[2025-03-28T08:56:57.029+0000] {standard_task_runner.py:72} INFO - Started process 638 to run task
[2025-03-28T08:56:57.033+0000] {standard_task_runner.py:104} INFO - Running: ['airflow', 'tasks', 'run', 'youtube_pipeline_dag', 'download_single_audio', 'manual__2025-03-28T08:50:37.678257+00:00', '--job-id', '15', '--raw', '--subdir', 'DAGS_FOLDER/pipeline.py', '--cfg-path', '/tmp/tmpf4wwlk73', '--map-index', '2']
[2025-03-28T08:56:57.034+0000] {standard_task_runner.py:105} INFO - Job 15: Subtask download_single_audio
[2025-03-28T08:56:57.082+0000] {task_command.py:467} INFO - Running <TaskInstance: youtube_pipeline_dag.download_single_audio manual__2025-03-28T08:50:37.678257+00:00 map_index=2 [running]> on host b968c2c85c22
[2025-03-28T08:56:57.158+0000] {taskinstance.py:3122} INFO - Exporting env vars: AIRFLOW_CTX_DAG_OWNER='airflow' AIRFLOW_CTX_DAG_ID='youtube_pipeline_dag' AIRFLOW_CTX_TASK_ID='download_single_audio' AIRFLOW_CTX_EXECUTION_DATE='2025-03-28T08:50:37.678257+00:00' AIRFLOW_CTX_TRY_NUMBER='2' AIRFLOW_CTX_DAG_RUN_ID='manual__2025-03-28T08:50:37.678257+00:00'
[2025-03-28T08:56:57.159+0000] {taskinstance.py:731} INFO - ::endgroup::
[2025-03-28T08:56:57.163+0000] {process_utils.py:186} INFO - Executing cmd: /home/airflow/.local/bin/python -m virtualenv /tmp/venve76ecvzt --python=python
[2025-03-28T08:56:57.164+0000] {process_utils.py:190} INFO - Output:
[2025-03-28T08:56:59.001+0000] {process_utils.py:194} INFO - created virtual environment CPython3.10.14.final.0-64 in 837ms
[2025-03-28T08:56:59.002+0000] {process_utils.py:194} INFO -   creator CPython3Posix(dest=/tmp/venve76ecvzt, clear=False, no_vcs_ignore=False, global=False)
[2025-03-28T08:56:59.003+0000] {process_utils.py:194} INFO -   seeder FromAppData(download=False, pip=bundle, setuptools=bundle, wheel=bundle, via=copy, app_data_dir=/home/airflow/.local/share/virtualenv)
[2025-03-28T08:56:59.004+0000] {process_utils.py:194} INFO -     added seed packages: pip==24.1, setuptools==70.1.0, wheel==0.43.0
[2025-03-28T08:56:59.005+0000] {process_utils.py:194} INFO -   activators BashActivator,CShellActivator,FishActivator,NushellActivator,PowerShellActivator,PythonActivator
[2025-03-28T08:56:59.087+0000] {process_utils.py:186} INFO - Executing cmd: /tmp/venve76ecvzt/bin/pip install -r /tmp/venve76ecvzt/requirements.txt
[2025-03-28T08:56:59.089+0000] {process_utils.py:190} INFO - Output:
[2025-03-28T08:57:00.537+0000] {process_utils.py:194} INFO - Collecting yt-dlp==2025.3.27 (from -r /tmp/venve76ecvzt/requirements.txt (line 1))
[2025-03-28T08:57:00.538+0000] {process_utils.py:194} INFO -   Using cached yt_dlp-2025.3.27-py3-none-any.whl.metadata (172 kB)
[2025-03-28T08:57:00.552+0000] {process_utils.py:194} INFO - Using cached yt_dlp-2025.3.27-py3-none-any.whl (3.2 MB)
[2025-03-28T08:57:00.600+0000] {process_utils.py:194} INFO - Installing collected packages: yt-dlp
[2025-03-28T08:57:02.239+0000] {process_utils.py:194} INFO - Successfully installed yt-dlp-2025.3.27
[2025-03-28T08:57:02.451+0000] {process_utils.py:194} INFO - 
[2025-03-28T08:57:02.452+0000] {process_utils.py:194} INFO - [notice] A new release of pip is available: 24.1 -> 25.0.1
[2025-03-28T08:57:02.453+0000] {process_utils.py:194} INFO - [notice] To update, run: python -m pip install --upgrade pip
[2025-03-28T08:57:02.586+0000] {python.py:513} INFO - Use 'pickle' as serializer.
[2025-03-28T08:57:02.596+0000] {process_utils.py:186} INFO - Executing cmd: /tmp/venve76ecvzt/bin/python /tmp/venv-callrt4na9wj/script.py /tmp/venv-callrt4na9wj/script.in /tmp/venv-callrt4na9wj/script.out /tmp/venv-callrt4na9wj/string_args.txt /tmp/venv-callrt4na9wj/termination.log
[2025-03-28T08:57:02.598+0000] {process_utils.py:190} INFO - Output:
[2025-03-28T08:57:15.374+0000] {process_utils.py:194} INFO - [download]   0.0% of    5.80MiB at  414.50KiB/s ETA 00:14[download]   0.1% of    5.80MiB at  956.95KiB/s ETA 00:06[download]   0.1% of    5.80MiB at    1.89MiB/s ETA 00:03[download]   0.3% of    5.80MiB at    3.42MiB/s ETA 00:01[download]   0.5% of    5.80MiB at    4.90MiB/s ETA 00:01[download]   1.1% of    5.80MiB at    3.20MiB/s ETA 00:01[download]   2.1% of    5.80MiB at    3.22MiB/s ETA 00:01[download]   4.3% of    5.80MiB at    1.70MiB/s ETA 00:03[download]   8.6% of    5.80MiB at    1.30MiB/s ETA 00:04[download]  17.2% of    5.80MiB at  970.82KiB/s ETA 00:05[download]  30.1% of    5.80MiB at    1.27MiB/s ETA 00:03[download]  55.8% of    5.80MiB at    1.46MiB/s ETA 00:01[download]  85.9% of    5.80MiB at    1.93MiB/s ETA 00:00[download] 100.0% of    5.80MiB at    2.14MiB/s ETA 00:00[download] 100% of    5.80MiB in 00:00:02 at 2.08MiB/s                                                         WARNING: Cannot update utime of file
[2025-03-28T08:57:15.563+0000] {python.py:240} INFO - Done. Returned value was: Successfully downloaded kNYaN7fVAKo
[2025-03-28T08:57:15.585+0000] {taskinstance.py:340} INFO - ::group::Post task execution logs
[2025-03-28T08:57:15.586+0000] {taskinstance.py:352} INFO - Marking task as SUCCESS. dag_id=youtube_pipeline_dag, task_id=download_single_audio, run_id=manual__2025-03-28T08:50:37.678257+00:00, map_index=2, execution_date=20250328T085037, start_date=20250328T085657, end_date=20250328T085715
[2025-03-28T08:57:15.635+0000] {local_task_job_runner.py:261} INFO - Task exited with return code 0
[2025-03-28T08:57:15.649+0000] {taskinstance.py:3891} INFO - 0 downstream tasks scheduled from follow-on schedule check
[2025-03-28T08:57:15.651+0000] {local_task_job_runner.py:240} INFO - ::endgroup::
