[2025-03-28T08:56:56.986+0000] {local_task_job_runner.py:123} INFO - ::group::Pre task execution logs
[2025-03-28T08:56:57.006+0000] {taskinstance.py:2603} INFO - Dependencies all met for dep_context=non-requeueable deps ti=<TaskInstance: youtube_pipeline_dag.download_single_audio manual__2025-03-28T08:50:37.678257+00:00 map_index=1 [queued]>
[2025-03-28T08:56:57.015+0000] {taskinstance.py:2603} INFO - Dependencies all met for dep_context=requeueable deps ti=<TaskInstance: youtube_pipeline_dag.download_single_audio manual__2025-03-28T08:50:37.678257+00:00 map_index=1 [queued]>
[2025-03-28T08:56:57.016+0000] {taskinstance.py:2856} INFO - Starting attempt 2 of 2
[2025-03-28T08:56:57.028+0000] {taskinstance.py:2879} INFO - Executing <Mapped(_PythonVirtualenvDecoratedOperator): download_single_audio> on 2025-03-28 08:50:37.678257+00:00
[2025-03-28T08:56:57.036+0000] {standard_task_runner.py:72} INFO - Started process 643 to run task
[2025-03-28T08:56:57.039+0000] {standard_task_runner.py:104} INFO - Running: ['airflow', 'tasks', 'run', 'youtube_pipeline_dag', 'download_single_audio', 'manual__2025-03-28T08:50:37.678257+00:00', '--job-id', '16', '--raw', '--subdir', 'DAGS_FOLDER/pipeline.py', '--cfg-path', '/tmp/tmplxwj5o0l', '--map-index', '1']
[2025-03-28T08:56:57.040+0000] {standard_task_runner.py:105} INFO - Job 16: Subtask download_single_audio
[2025-03-28T08:56:57.092+0000] {task_command.py:467} INFO - Running <TaskInstance: youtube_pipeline_dag.download_single_audio manual__2025-03-28T08:50:37.678257+00:00 map_index=1 [running]> on host b968c2c85c22
[2025-03-28T08:56:57.171+0000] {taskinstance.py:3122} INFO - Exporting env vars: AIRFLOW_CTX_DAG_OWNER='airflow' AIRFLOW_CTX_DAG_ID='youtube_pipeline_dag' AIRFLOW_CTX_TASK_ID='download_single_audio' AIRFLOW_CTX_EXECUTION_DATE='2025-03-28T08:50:37.678257+00:00' AIRFLOW_CTX_TRY_NUMBER='2' AIRFLOW_CTX_DAG_RUN_ID='manual__2025-03-28T08:50:37.678257+00:00'
[2025-03-28T08:56:57.172+0000] {taskinstance.py:731} INFO - ::endgroup::
[2025-03-28T08:56:57.175+0000] {process_utils.py:186} INFO - Executing cmd: /home/airflow/.local/bin/python -m virtualenv /tmp/venvwl2atmal --python=python
[2025-03-28T08:56:57.176+0000] {process_utils.py:190} INFO - Output:
[2025-03-28T08:56:58.724+0000] {process_utils.py:194} INFO - created virtual environment CPython3.10.14.final.0-64 in 559ms
[2025-03-28T08:56:58.726+0000] {process_utils.py:194} INFO -   creator CPython3Posix(dest=/tmp/venvwl2atmal, clear=False, no_vcs_ignore=False, global=False)
[2025-03-28T08:56:58.727+0000] {process_utils.py:194} INFO -   seeder FromAppData(download=False, pip=bundle, setuptools=bundle, wheel=bundle, via=copy, app_data_dir=/home/airflow/.local/share/virtualenv)
[2025-03-28T08:56:58.727+0000] {process_utils.py:194} INFO -     added seed packages: pip==24.1, setuptools==70.1.0, wheel==0.43.0
[2025-03-28T08:56:58.728+0000] {process_utils.py:194} INFO -   activators BashActivator,CShellActivator,FishActivator,NushellActivator,PowerShellActivator,PythonActivator
[2025-03-28T08:56:58.830+0000] {process_utils.py:186} INFO - Executing cmd: /tmp/venvwl2atmal/bin/pip install -r /tmp/venvwl2atmal/requirements.txt
[2025-03-28T08:56:58.832+0000] {process_utils.py:190} INFO - Output:
[2025-03-28T08:57:00.380+0000] {process_utils.py:194} INFO - Collecting yt-dlp==2025.3.27 (from -r /tmp/venvwl2atmal/requirements.txt (line 1))
[2025-03-28T08:57:00.382+0000] {process_utils.py:194} INFO -   Using cached yt_dlp-2025.3.27-py3-none-any.whl.metadata (172 kB)
[2025-03-28T08:57:00.400+0000] {process_utils.py:194} INFO - Using cached yt_dlp-2025.3.27-py3-none-any.whl (3.2 MB)
[2025-03-28T08:57:00.455+0000] {process_utils.py:194} INFO - Installing collected packages: yt-dlp
[2025-03-28T08:57:02.123+0000] {process_utils.py:194} INFO - Successfully installed yt-dlp-2025.3.27
[2025-03-28T08:57:02.379+0000] {process_utils.py:194} INFO - 
[2025-03-28T08:57:02.380+0000] {process_utils.py:194} INFO - [notice] A new release of pip is available: 24.1 -> 25.0.1
[2025-03-28T08:57:02.381+0000] {process_utils.py:194} INFO - [notice] To update, run: python -m pip install --upgrade pip
[2025-03-28T08:57:02.518+0000] {python.py:513} INFO - Use 'pickle' as serializer.
[2025-03-28T08:57:02.528+0000] {process_utils.py:186} INFO - Executing cmd: /tmp/venvwl2atmal/bin/python /tmp/venv-calldf6ux73y/script.py /tmp/venv-calldf6ux73y/script.in /tmp/venv-calldf6ux73y/script.out /tmp/venv-calldf6ux73y/string_args.txt /tmp/venv-calldf6ux73y/termination.log
[2025-03-28T08:57:02.530+0000] {process_utils.py:190} INFO - Output:
[2025-03-28T08:57:13.929+0000] {process_utils.py:194} INFO - [download]   0.0% of    3.92MiB at   23.05KiB/s ETA 02:54[download]   0.1% of    3.92MiB at   67.94KiB/s ETA 00:59[download]   0.2% of    3.92MiB at  156.74KiB/s ETA 00:25[download]   0.4% of    3.92MiB at  331.89KiB/s ETA 00:12[download]   0.8% of    3.92MiB at  677.52KiB/s ETA 00:05[download]   1.6% of    3.92MiB at 1007.03KiB/s ETA 00:03[download]   3.2% of    3.92MiB at    1.27MiB/s ETA 00:02[download]   6.4% of    3.92MiB at    1.70MiB/s ETA 00:02[download]  12.7% of    3.92MiB at    1.74MiB/s ETA 00:01[download]  25.5% of    3.92MiB at    1.65MiB/s ETA 00:01[download]  51.0% of    3.92MiB at    1.48MiB/s ETA 00:01[download]  85.2% of    3.92MiB at    1.56MiB/s ETA 00:00[download] 100.0% of    3.92MiB at    1.62MiB/s ETA 00:00[download] 100% of    3.92MiB in 00:00:02 at 1.53MiB/s                                                         WARNING: Cannot update utime of file
[2025-03-28T08:57:14.145+0000] {python.py:240} INFO - Done. Returned value was: Successfully downloaded Zv1aeqWPUv8
[2025-03-28T08:57:14.167+0000] {taskinstance.py:340} INFO - ::group::Post task execution logs
[2025-03-28T08:57:14.168+0000] {taskinstance.py:352} INFO - Marking task as SUCCESS. dag_id=youtube_pipeline_dag, task_id=download_single_audio, run_id=manual__2025-03-28T08:50:37.678257+00:00, map_index=1, execution_date=20250328T085037, start_date=20250328T085657, end_date=20250328T085714
[2025-03-28T08:57:14.193+0000] {local_task_job_runner.py:261} INFO - Task exited with return code 0
[2025-03-28T08:57:14.209+0000] {taskinstance.py:3891} INFO - 0 downstream tasks scheduled from follow-on schedule check
[2025-03-28T08:57:14.211+0000] {local_task_job_runner.py:240} INFO - ::endgroup::
