[2025-03-28T08:43:31.666+0000] {local_task_job_runner.py:123} INFO - ::group::Pre task execution logs
[2025-03-28T08:43:31.683+0000] {taskinstance.py:2603} INFO - Dependencies all met for dep_context=non-requeueable deps ti=<TaskInstance: youtube_pipeline_dag.get_video_ids_by_keywords manual__2025-03-28T08:43:30.385598+00:00 [queued]>
[2025-03-28T08:43:31.689+0000] {taskinstance.py:2603} INFO - Dependencies all met for dep_context=requeueable deps ti=<TaskInstance: youtube_pipeline_dag.get_video_ids_by_keywords manual__2025-03-28T08:43:30.385598+00:00 [queued]>
[2025-03-28T08:43:31.690+0000] {taskinstance.py:2856} INFO - Starting attempt 1 of 2
[2025-03-28T08:43:31.701+0000] {taskinstance.py:2879} INFO - Executing <Task(_PythonVirtualenvDecoratedOperator): get_video_ids_by_keywords> on 2025-03-28 08:43:30.385598+00:00
[2025-03-28T08:43:31.706+0000] {standard_task_runner.py:72} INFO - Started process 72 to run task
[2025-03-28T08:43:31.709+0000] {standard_task_runner.py:104} INFO - Running: ['airflow', 'tasks', 'run', 'youtube_pipeline_dag', 'get_video_ids_by_keywords', 'manual__2025-03-28T08:43:30.385598+00:00', '--job-id', '3', '--raw', '--subdir', 'DAGS_FOLDER/pipeline.py', '--cfg-path', '/tmp/tmpn4qgw50r']
[2025-03-28T08:43:31.711+0000] {standard_task_runner.py:105} INFO - Job 3: Subtask get_video_ids_by_keywords
[2025-03-28T08:43:31.755+0000] {task_command.py:467} INFO - Running <TaskInstance: youtube_pipeline_dag.get_video_ids_by_keywords manual__2025-03-28T08:43:30.385598+00:00 [running]> on host 40c558f369a4
[2025-03-28T08:43:31.823+0000] {taskinstance.py:3122} INFO - Exporting env vars: AIRFLOW_CTX_DAG_OWNER='airflow' AIRFLOW_CTX_DAG_ID='youtube_pipeline_dag' AIRFLOW_CTX_TASK_ID='get_video_ids_by_keywords' AIRFLOW_CTX_EXECUTION_DATE='2025-03-28T08:43:30.385598+00:00' AIRFLOW_CTX_TRY_NUMBER='1' AIRFLOW_CTX_DAG_RUN_ID='manual__2025-03-28T08:43:30.385598+00:00'
[2025-03-28T08:43:31.825+0000] {taskinstance.py:731} INFO - ::endgroup::
[2025-03-28T08:43:31.829+0000] {process_utils.py:186} INFO - Executing cmd: /home/airflow/.local/bin/python -m virtualenv /tmp/venv1smqj3o5 --python=python
[2025-03-28T08:43:31.831+0000] {process_utils.py:190} INFO - Output:
[2025-03-28T08:43:33.808+0000] {process_utils.py:194} INFO - created virtual environment CPython3.10.14.final.0-64 in 1098ms
[2025-03-28T08:43:33.809+0000] {process_utils.py:194} INFO -   creator CPython3Posix(dest=/tmp/venv1smqj3o5, clear=False, no_vcs_ignore=False, global=False)
[2025-03-28T08:43:33.809+0000] {process_utils.py:194} INFO -   seeder FromAppData(download=False, pip=bundle, setuptools=bundle, wheel=bundle, via=copy, app_data_dir=/home/airflow/.local/share/virtualenv)
[2025-03-28T08:43:33.810+0000] {process_utils.py:194} INFO -     added seed packages: pip==24.1, setuptools==70.1.0, wheel==0.43.0
[2025-03-28T08:43:33.810+0000] {process_utils.py:194} INFO -   activators BashActivator,CShellActivator,FishActivator,NushellActivator,PowerShellActivator,PythonActivator
[2025-03-28T08:43:33.877+0000] {process_utils.py:186} INFO - Executing cmd: /tmp/venv1smqj3o5/bin/pip install -r /tmp/venv1smqj3o5/requirements.txt
[2025-03-28T08:43:33.879+0000] {process_utils.py:190} INFO - Output:
[2025-03-28T08:43:35.396+0000] {process_utils.py:194} INFO - Collecting yt-dlp==2025.3.27 (from -r /tmp/venv1smqj3o5/requirements.txt (line 1))
[2025-03-28T08:43:35.613+0000] {process_utils.py:194} INFO -   Downloading yt_dlp-2025.3.27-py3-none-any.whl.metadata (172 kB)
[2025-03-28T08:43:35.734+0000] {process_utils.py:194} INFO -      ━━━━━━━━━━━━━━━━━━━━━━━━━━━━━━━━━━━━━━━ 172.1/172.1 kB 1.4 MB/s eta 0:00:00
[2025-03-28T08:43:35.800+0000] {process_utils.py:194} INFO - Downloading yt_dlp-2025.3.27-py3-none-any.whl (3.2 MB)
[2025-03-28T08:43:36.213+0000] {process_utils.py:194} INFO -    ━━━━━━━━━━━━━━━━━━━━━━━━━━━━━━━━━━━━━━━━ 3.2/3.2 MB 7.8 MB/s eta 0:00:00
[2025-03-28T08:43:36.252+0000] {process_utils.py:194} INFO - Installing collected packages: yt-dlp
[2025-03-28T08:43:37.668+0000] {process_utils.py:194} INFO - Successfully installed yt-dlp-2025.3.27
[2025-03-28T08:43:37.875+0000] {process_utils.py:194} INFO - 
[2025-03-28T08:43:37.876+0000] {process_utils.py:194} INFO - [notice] A new release of pip is available: 24.1 -> 25.0.1
[2025-03-28T08:43:37.876+0000] {process_utils.py:194} INFO - [notice] To update, run: python -m pip install --upgrade pip
[2025-03-28T08:43:37.967+0000] {python.py:513} INFO - Use 'pickle' as serializer.
[2025-03-28T08:43:37.977+0000] {process_utils.py:186} INFO - Executing cmd: /tmp/venv1smqj3o5/bin/python /tmp/venv-call91tuinje/script.py /tmp/venv-call91tuinje/script.in /tmp/venv-call91tuinje/script.out /tmp/venv-call91tuinje/string_args.txt /tmp/venv-call91tuinje/termination.log
[2025-03-28T08:43:37.978+0000] {process_utils.py:190} INFO - Output:
[2025-03-28T08:43:41.865+0000] {python.py:240} INFO - Done. Returned value was: ['q_pJxlcZhsM', 'SzRt50Rg6eU', 'SBjwyHC0X00', '89MfirvAjs8', 'Zv1aeqWPUv8', 'OGICvBt8ggo', 'kNYaN7fVAKo', 'yhfNiyXj0II', '3MmRBTU1Mc8', '-hJWNccNm78', 'iABPytW8-9g', 'YPbigsSt0Dw', 'BgoS3Dq1qKM', 'PHbC6cU8W-c', '46EjkkDo00g', '3uSiuIVLq-U', 'z1zQ8GubCss', 'Ax2oLn1BYvA', 'faz4t2dSgLo', 'vxZ_Z6gaFjc', '8xPMNlQiGSI', 'wAN7c-lcw5g', '5-t7xwDcC4E', 'CTuLCVAeG8g', 'dSUbByiwu3E', 'wi7DwbzVEgs', 'h_OCxyM69EU', 'fZaeAFt8Ykc', 'OcLdKZui_Uo', 'jFMkuTkhBpc', 'mnZvn8IiDV8', '4g6mWbAYk6w', '6zls4k1LWRU', 'DZh3we51oyA', 'BCHaxvtMdpI', 'k8tDIJ76FyY', 'BawxaGyxYS0', 'uqg5EPZBGVg', 'zdaxBx-lwD0', 'suvhbY2FtZw', 'GN2RxlhP73g', 'cuJksOJy70c', 'rBgGCzLegWY', 'LylTAjUdXF4', 'WLSjcaG7Ik0', '-3XTTrLgQK8', '3CW0Vqlowrc', 'vV-cutUctzU']
[2025-03-28T08:43:41.888+0000] {taskinstance.py:340} INFO - ::group::Post task execution logs
[2025-03-28T08:43:41.889+0000] {taskinstance.py:352} INFO - Marking task as SUCCESS. dag_id=youtube_pipeline_dag, task_id=get_video_ids_by_keywords, run_id=manual__2025-03-28T08:43:30.385598+00:00, execution_date=20250328T084330, start_date=20250328T084331, end_date=20250328T084341
[2025-03-28T08:43:41.946+0000] {local_task_job_runner.py:261} INFO - Task exited with return code 0
[2025-03-28T08:43:41.976+0000] {taskinstance.py:3891} INFO - 1 downstream tasks scheduled from follow-on schedule check
[2025-03-28T08:43:41.979+0000] {local_task_job_runner.py:240} INFO - ::endgroup::
