[2025-03-28T09:00:54.566+0000] {local_task_job_runner.py:123} INFO - ::group::Pre task execution logs
[2025-03-28T09:00:54.585+0000] {taskinstance.py:2603} INFO - Dependencies all met for dep_context=non-requeueable deps ti=<TaskInstance: youtube_pipeline_dag.download_single_audio manual__2025-03-28T08:59:52.208154+00:00 map_index=4 [queued]>
[2025-03-28T09:00:54.593+0000] {taskinstance.py:2603} INFO - Dependencies all met for dep_context=requeueable deps ti=<TaskInstance: youtube_pipeline_dag.download_single_audio manual__2025-03-28T08:59:52.208154+00:00 map_index=4 [queued]>
[2025-03-28T09:00:54.594+0000] {taskinstance.py:2856} INFO - Starting attempt 1 of 2
[2025-03-28T09:00:54.605+0000] {taskinstance.py:2879} INFO - Executing <Mapped(_PythonVirtualenvDecoratedOperator): download_single_audio> on 2025-03-28 08:59:52.208154+00:00
[2025-03-28T09:00:54.612+0000] {standard_task_runner.py:72} INFO - Started process 361 to run task
[2025-03-28T09:00:54.614+0000] {standard_task_runner.py:104} INFO - Running: ['airflow', 'tasks', 'run', 'youtube_pipeline_dag', 'download_single_audio', 'manual__2025-03-28T08:59:52.208154+00:00', '--job-id', '9', '--raw', '--subdir', 'DAGS_FOLDER/pipeline.py', '--cfg-path', '/tmp/tmptdppm7ev', '--map-index', '4']
[2025-03-28T09:00:54.616+0000] {standard_task_runner.py:105} INFO - Job 9: Subtask download_single_audio
[2025-03-28T09:00:54.659+0000] {task_command.py:467} INFO - Running <TaskInstance: youtube_pipeline_dag.download_single_audio manual__2025-03-28T08:59:52.208154+00:00 map_index=4 [running]> on host ad5e46b2d003
[2025-03-28T09:00:54.728+0000] {taskinstance.py:3122} INFO - Exporting env vars: AIRFLOW_CTX_DAG_OWNER='airflow' AIRFLOW_CTX_DAG_ID='youtube_pipeline_dag' AIRFLOW_CTX_TASK_ID='download_single_audio' AIRFLOW_CTX_EXECUTION_DATE='2025-03-28T08:59:52.208154+00:00' AIRFLOW_CTX_TRY_NUMBER='1' AIRFLOW_CTX_DAG_RUN_ID='manual__2025-03-28T08:59:52.208154+00:00'
[2025-03-28T09:00:54.729+0000] {taskinstance.py:731} INFO - ::endgroup::
[2025-03-28T09:00:54.731+0000] {process_utils.py:186} INFO - Executing cmd: /home/airflow/.local/bin/python -m virtualenv /tmp/venv_007yu4n --python=python
[2025-03-28T09:00:54.732+0000] {process_utils.py:190} INFO - Output:
[2025-03-28T09:00:55.911+0000] {process_utils.py:194} INFO - created virtual environment CPython3.10.14.final.0-64 in 564ms
[2025-03-28T09:00:55.912+0000] {process_utils.py:194} INFO -   creator CPython3Posix(dest=/tmp/venv_007yu4n, clear=False, no_vcs_ignore=False, global=False)
[2025-03-28T09:00:55.912+0000] {process_utils.py:194} INFO -   seeder FromAppData(download=False, pip=bundle, setuptools=bundle, wheel=bundle, via=copy, app_data_dir=/home/airflow/.local/share/virtualenv)
[2025-03-28T09:00:55.913+0000] {process_utils.py:194} INFO -     added seed packages: pip==24.1, setuptools==70.1.0, wheel==0.43.0
[2025-03-28T09:00:55.913+0000] {process_utils.py:194} INFO -   activators BashActivator,CShellActivator,FishActivator,NushellActivator,PowerShellActivator,PythonActivator
[2025-03-28T09:00:55.986+0000] {process_utils.py:186} INFO - Executing cmd: /tmp/venv_007yu4n/bin/pip install -r /tmp/venv_007yu4n/requirements.txt
[2025-03-28T09:00:55.988+0000] {process_utils.py:190} INFO - Output:
[2025-03-28T09:00:57.310+0000] {process_utils.py:194} INFO - Collecting yt-dlp==2025.3.27 (from -r /tmp/venv_007yu4n/requirements.txt (line 1))
[2025-03-28T09:00:57.312+0000] {process_utils.py:194} INFO -   Using cached yt_dlp-2025.3.27-py3-none-any.whl.metadata (172 kB)
[2025-03-28T09:00:57.326+0000] {process_utils.py:194} INFO - Using cached yt_dlp-2025.3.27-py3-none-any.whl (3.2 MB)
[2025-03-28T09:00:57.372+0000] {process_utils.py:194} INFO - Installing collected packages: yt-dlp
[2025-03-28T09:00:59.030+0000] {process_utils.py:194} INFO - Successfully installed yt-dlp-2025.3.27
[2025-03-28T09:00:59.234+0000] {process_utils.py:194} INFO - 
[2025-03-28T09:00:59.235+0000] {process_utils.py:194} INFO - [notice] A new release of pip is available: 24.1 -> 25.0.1
[2025-03-28T09:00:59.236+0000] {process_utils.py:194} INFO - [notice] To update, run: python -m pip install --upgrade pip
[2025-03-28T09:00:59.366+0000] {python.py:513} INFO - Use 'pickle' as serializer.
[2025-03-28T09:00:59.376+0000] {process_utils.py:186} INFO - Executing cmd: /tmp/venv_007yu4n/bin/python /tmp/venv-callzz963czb/script.py /tmp/venv-callzz963czb/script.in /tmp/venv-callzz963czb/script.out /tmp/venv-callzz963czb/string_args.txt /tmp/venv-callzz963czb/termination.log
[2025-03-28T09:00:59.377+0000] {process_utils.py:190} INFO - Output:
