[2025-03-28T08:28:38.028+0000] {local_task_job_runner.py:123} INFO - ::group::Pre task execution logs
[2025-03-28T08:28:38.043+0000] {taskinstance.py:2603} INFO - Dependencies all met for dep_context=non-requeueable deps ti=<TaskInstance: youtube_pipeline_dag.get_video_ids_by_keywords manual__2025-03-28T08:28:37.144365+00:00 [queued]>
[2025-03-28T08:28:38.050+0000] {taskinstance.py:2603} INFO - Dependencies all met for dep_context=requeueable deps ti=<TaskInstance: youtube_pipeline_dag.get_video_ids_by_keywords manual__2025-03-28T08:28:37.144365+00:00 [queued]>
[2025-03-28T08:28:38.050+0000] {taskinstance.py:2856} INFO - Starting attempt 1 of 2
[2025-03-28T08:28:38.062+0000] {taskinstance.py:2879} INFO - Executing <Task(_PythonVirtualenvDecoratedOperator): get_video_ids_by_keywords> on 2025-03-28 08:28:37.144365+00:00
[2025-03-28T08:28:38.069+0000] {standard_task_runner.py:72} INFO - Started process 86 to run task
[2025-03-28T08:28:38.071+0000] {standard_task_runner.py:104} INFO - Running: ['airflow', 'tasks', 'run', 'youtube_pipeline_dag', 'get_video_ids_by_keywords', 'manual__2025-03-28T08:28:37.144365+00:00', '--job-id', '3', '--raw', '--subdir', 'DAGS_FOLDER/pipeline.py', '--cfg-path', '/tmp/tmp9hkccygp']
[2025-03-28T08:28:38.072+0000] {standard_task_runner.py:105} INFO - Job 3: Subtask get_video_ids_by_keywords
[2025-03-28T08:28:38.122+0000] {task_command.py:467} INFO - Running <TaskInstance: youtube_pipeline_dag.get_video_ids_by_keywords manual__2025-03-28T08:28:37.144365+00:00 [running]> on host cca7050ad235
[2025-03-28T08:28:38.203+0000] {taskinstance.py:3122} INFO - Exporting env vars: AIRFLOW_CTX_DAG_OWNER='airflow' AIRFLOW_CTX_DAG_ID='youtube_pipeline_dag' AIRFLOW_CTX_TASK_ID='get_video_ids_by_keywords' AIRFLOW_CTX_EXECUTION_DATE='2025-03-28T08:28:37.144365+00:00' AIRFLOW_CTX_TRY_NUMBER='1' AIRFLOW_CTX_DAG_RUN_ID='manual__2025-03-28T08:28:37.144365+00:00'
[2025-03-28T08:28:38.204+0000] {taskinstance.py:731} INFO - ::endgroup::
[2025-03-28T08:28:38.208+0000] {process_utils.py:186} INFO - Executing cmd: /home/airflow/.local/bin/python -m virtualenv /tmp/venvy5q0uf0a --python=python
[2025-03-28T08:28:38.210+0000] {process_utils.py:190} INFO - Output:
[2025-03-28T08:28:40.206+0000] {process_utils.py:194} INFO - created virtual environment CPython3.10.14.final.0-64 in 1084ms
[2025-03-28T08:28:40.207+0000] {process_utils.py:194} INFO -   creator CPython3Posix(dest=/tmp/venvy5q0uf0a, clear=False, no_vcs_ignore=False, global=False)
[2025-03-28T08:28:40.208+0000] {process_utils.py:194} INFO -   seeder FromAppData(download=False, pip=bundle, setuptools=bundle, wheel=bundle, via=copy, app_data_dir=/home/airflow/.local/share/virtualenv)
[2025-03-28T08:28:40.209+0000] {process_utils.py:194} INFO -     added seed packages: pip==24.1, setuptools==70.1.0, wheel==0.43.0
[2025-03-28T08:28:40.210+0000] {process_utils.py:194} INFO -   activators BashActivator,CShellActivator,FishActivator,NushellActivator,PowerShellActivator,PythonActivator
[2025-03-28T08:28:40.296+0000] {process_utils.py:186} INFO - Executing cmd: /tmp/venvy5q0uf0a/bin/pip install -r /tmp/venvy5q0uf0a/requirements.txt
[2025-03-28T08:28:40.298+0000] {process_utils.py:190} INFO - Output:
[2025-03-28T08:28:41.752+0000] {process_utils.py:194} INFO - Collecting yt-dlp==2025.3.27 (from -r /tmp/venvy5q0uf0a/requirements.txt (line 1))
[2025-03-28T08:28:41.992+0000] {process_utils.py:194} INFO -   Downloading yt_dlp-2025.3.27-py3-none-any.whl.metadata (172 kB)
[2025-03-28T08:28:42.112+0000] {process_utils.py:194} INFO -      ━━━━━━━━━━━━━━━━━━━━━━━━━━━━━━━━━━━━━━━ 172.1/172.1 kB 1.4 MB/s eta 0:00:00
[2025-03-28T08:28:42.181+0000] {process_utils.py:194} INFO - Downloading yt_dlp-2025.3.27-py3-none-any.whl (3.2 MB)
[2025-03-28T08:28:42.612+0000] {process_utils.py:194} INFO -    ━━━━━━━━━━━━━━━━━━━━━━━━━━━━━━━━━━━━━━━━ 3.2/3.2 MB 7.5 MB/s eta 0:00:00
[2025-03-28T08:28:42.650+0000] {process_utils.py:194} INFO - Installing collected packages: yt-dlp
[2025-03-28T08:28:44.138+0000] {process_utils.py:194} INFO - Successfully installed yt-dlp-2025.3.27
[2025-03-28T08:28:44.413+0000] {process_utils.py:194} INFO - 
[2025-03-28T08:28:44.414+0000] {process_utils.py:194} INFO - [notice] A new release of pip is available: 24.1 -> 25.0.1
[2025-03-28T08:28:44.415+0000] {process_utils.py:194} INFO - [notice] To update, run: python -m pip install --upgrade pip
[2025-03-28T08:28:44.512+0000] {warnings.py:109} WARNING - /home/airflow/.local/lib/python3.10/site-packages/airflow/operators/python.py:535: AirflowContextDeprecationWarning: Accessing 'next_ds' from the template is deprecated and will be removed in a future version. Please use '{{ data_interval_end | ds }}' instead.
  op_kwargs: dict[str, Any] = dict(self.op_kwargs)

[2025-03-28T08:28:44.513+0000] {warnings.py:109} WARNING - /home/airflow/.local/lib/python3.10/site-packages/airflow/operators/python.py:535: AirflowContextDeprecationWarning: Accessing 'next_ds_nodash' from the template is deprecated and will be removed in a future version. Please use '{{ data_interval_end | ds_nodash }}' instead.
  op_kwargs: dict[str, Any] = dict(self.op_kwargs)

[2025-03-28T08:28:44.514+0000] {warnings.py:109} WARNING - /home/airflow/.local/lib/python3.10/site-packages/airflow/operators/python.py:535: AirflowContextDeprecationWarning: Accessing 'prev_ds' from the template is deprecated and will be removed in a future version.
  op_kwargs: dict[str, Any] = dict(self.op_kwargs)

[2025-03-28T08:28:44.514+0000] {warnings.py:109} WARNING - /home/airflow/.local/lib/python3.10/site-packages/airflow/operators/python.py:535: AirflowContextDeprecationWarning: Accessing 'prev_ds_nodash' from the template is deprecated and will be removed in a future version.
  op_kwargs: dict[str, Any] = dict(self.op_kwargs)

[2025-03-28T08:28:44.515+0000] {warnings.py:109} WARNING - /home/airflow/.local/lib/python3.10/site-packages/airflow/operators/python.py:535: AirflowContextDeprecationWarning: Accessing 'tomorrow_ds' from the template is deprecated and will be removed in a future version.
  op_kwargs: dict[str, Any] = dict(self.op_kwargs)

[2025-03-28T08:28:44.515+0000] {warnings.py:109} WARNING - /home/airflow/.local/lib/python3.10/site-packages/airflow/operators/python.py:535: AirflowContextDeprecationWarning: Accessing 'tomorrow_ds_nodash' from the template is deprecated and will be removed in a future version.
  op_kwargs: dict[str, Any] = dict(self.op_kwargs)

[2025-03-28T08:28:44.516+0000] {warnings.py:109} WARNING - /home/airflow/.local/lib/python3.10/site-packages/airflow/operators/python.py:535: AirflowContextDeprecationWarning: Accessing 'yesterday_ds' from the template is deprecated and will be removed in a future version.
  op_kwargs: dict[str, Any] = dict(self.op_kwargs)

[2025-03-28T08:28:44.516+0000] {warnings.py:109} WARNING - /home/airflow/.local/lib/python3.10/site-packages/airflow/operators/python.py:535: AirflowContextDeprecationWarning: Accessing 'yesterday_ds_nodash' from the template is deprecated and will be removed in a future version.
  op_kwargs: dict[str, Any] = dict(self.op_kwargs)

[2025-03-28T08:28:44.517+0000] {python.py:513} INFO - Use 'pickle' as serializer.
[2025-03-28T08:28:44.517+0000] {warnings.py:109} WARNING - /home/airflow/.local/lib/python3.10/site-packages/airflow/utils/context.py:355: AirflowContextDeprecationWarning: Accessing 'next_ds' from the template is deprecated and will be removed in a future version. Please use '{{ data_interval_end | ds }}' instead.
  items = [(key, self[key]) for key in self._context]

[2025-03-28T08:28:44.518+0000] {warnings.py:109} WARNING - /home/airflow/.local/lib/python3.10/site-packages/airflow/utils/context.py:355: AirflowContextDeprecationWarning: Accessing 'next_ds_nodash' from the template is deprecated and will be removed in a future version. Please use '{{ data_interval_end | ds_nodash }}' instead.
  items = [(key, self[key]) for key in self._context]

[2025-03-28T08:28:44.519+0000] {warnings.py:109} WARNING - /home/airflow/.local/lib/python3.10/site-packages/airflow/utils/context.py:355: AirflowContextDeprecationWarning: Accessing 'prev_ds' from the template is deprecated and will be removed in a future version.
  items = [(key, self[key]) for key in self._context]

[2025-03-28T08:28:44.520+0000] {warnings.py:109} WARNING - /home/airflow/.local/lib/python3.10/site-packages/airflow/utils/context.py:355: AirflowContextDeprecationWarning: Accessing 'prev_ds_nodash' from the template is deprecated and will be removed in a future version.
  items = [(key, self[key]) for key in self._context]

[2025-03-28T08:28:44.520+0000] {warnings.py:109} WARNING - /home/airflow/.local/lib/python3.10/site-packages/airflow/utils/context.py:355: AirflowContextDeprecationWarning: Accessing 'tomorrow_ds' from the template is deprecated and will be removed in a future version.
  items = [(key, self[key]) for key in self._context]

[2025-03-28T08:28:44.521+0000] {warnings.py:109} WARNING - /home/airflow/.local/lib/python3.10/site-packages/airflow/utils/context.py:355: AirflowContextDeprecationWarning: Accessing 'tomorrow_ds_nodash' from the template is deprecated and will be removed in a future version.
  items = [(key, self[key]) for key in self._context]

[2025-03-28T08:28:44.521+0000] {warnings.py:109} WARNING - /home/airflow/.local/lib/python3.10/site-packages/airflow/utils/context.py:355: AirflowContextDeprecationWarning: Accessing 'yesterday_ds' from the template is deprecated and will be removed in a future version.
  items = [(key, self[key]) for key in self._context]

[2025-03-28T08:28:44.521+0000] {warnings.py:109} WARNING - /home/airflow/.local/lib/python3.10/site-packages/airflow/utils/context.py:355: AirflowContextDeprecationWarning: Accessing 'yesterday_ds_nodash' from the template is deprecated and will be removed in a future version.
  items = [(key, self[key]) for key in self._context]

[2025-03-28T08:28:44.531+0000] {process_utils.py:186} INFO - Executing cmd: /tmp/venvy5q0uf0a/bin/python /tmp/venv-callgt_k7s66/script.py /tmp/venv-callgt_k7s66/script.in /tmp/venv-callgt_k7s66/script.out /tmp/venv-callgt_k7s66/string_args.txt /tmp/venv-callgt_k7s66/termination.log
[2025-03-28T08:28:44.532+0000] {process_utils.py:190} INFO - Output:
[2025-03-28T08:28:48.409+0000] {process_utils.py:194} INFO - Traceback (most recent call last):
[2025-03-28T08:28:48.410+0000] {process_utils.py:194} INFO -   File "/tmp/venv-callgt_k7s66/script.py", line 88, in <module>
[2025-03-28T08:28:48.411+0000] {process_utils.py:194} INFO -     res = get_video_ids_by_keywords(*arg_dict["args"], **arg_dict["kwargs"])
[2025-03-28T08:28:48.411+0000] {process_utils.py:194} INFO -   File "/tmp/venv-callgt_k7s66/script.py", line 69, in get_video_ids_by_keywords
[2025-03-28T08:28:48.412+0000] {process_utils.py:194} INFO -     context['ti'].xcom_push(key="video_ids", value=all_video_ids)
[2025-03-28T08:28:48.412+0000] {process_utils.py:194} INFO - KeyError: 'ti'
[2025-03-28T08:28:48.534+0000] {taskinstance.py:3301} ERROR - Task failed with exception
Traceback (most recent call last):
  File "/home/airflow/.local/lib/python3.10/site-packages/airflow/models/taskinstance.py", line 767, in _execute_task
    result = _execute_callable(context=context, **execute_callable_kwargs)
  File "/home/airflow/.local/lib/python3.10/site-packages/airflow/models/taskinstance.py", line 733, in _execute_callable
    return ExecutionCallableRunner(
  File "/home/airflow/.local/lib/python3.10/site-packages/airflow/utils/operator_helpers.py", line 252, in run
    return self.func(*args, **kwargs)
  File "/home/airflow/.local/lib/python3.10/site-packages/airflow/models/baseoperator.py", line 406, in wrapper
    return func(self, *args, **kwargs)
  File "/home/airflow/.local/lib/python3.10/site-packages/airflow/decorators/base.py", line 266, in execute
    return_value = super().execute(context)
  File "/home/airflow/.local/lib/python3.10/site-packages/airflow/models/baseoperator.py", line 406, in wrapper
    return func(self, *args, **kwargs)
  File "/home/airflow/.local/lib/python3.10/site-packages/airflow/operators/python.py", line 505, in execute
    return super().execute(context=serializable_context)
  File "/home/airflow/.local/lib/python3.10/site-packages/airflow/models/baseoperator.py", line 406, in wrapper
    return func(self, *args, **kwargs)
  File "/home/airflow/.local/lib/python3.10/site-packages/airflow/operators/python.py", line 238, in execute
    return_value = self.execute_callable()
  File "/home/airflow/.local/lib/python3.10/site-packages/airflow/operators/python.py", line 870, in execute_callable
    result = self._execute_python_callable_in_subprocess(python_path)
  File "/home/airflow/.local/lib/python3.10/site-packages/airflow/operators/python.py", line 588, in _execute_python_callable_in_subprocess
    raise AirflowException(error_msg) from None
airflow.exceptions.AirflowException: Process returned non-zero exit status 1.
'ti'
[2025-03-28T08:28:48.540+0000] {taskinstance.py:1225} INFO - Marking task as UP_FOR_RETRY. dag_id=youtube_pipeline_dag, task_id=get_video_ids_by_keywords, run_id=manual__2025-03-28T08:28:37.144365+00:00, execution_date=20250328T082837, start_date=20250328T082838, end_date=20250328T082848
[2025-03-28T08:28:48.569+0000] {taskinstance.py:340} INFO - ::group::Post task execution logs
[2025-03-28T08:28:48.570+0000] {standard_task_runner.py:124} ERROR - Failed to execute job 3 for task get_video_ids_by_keywords (Process returned non-zero exit status 1.
'ti'; 86)
Traceback (most recent call last):
  File "/home/airflow/.local/lib/python3.10/site-packages/airflow/task/task_runner/standard_task_runner.py", line 117, in _start_by_fork
    ret = args.func(args, dag=self.dag)
  File "/home/airflow/.local/lib/python3.10/site-packages/airflow/cli/cli_config.py", line 49, in command
    return func(*args, **kwargs)
  File "/home/airflow/.local/lib/python3.10/site-packages/airflow/utils/cli.py", line 115, in wrapper
    return f(*args, **kwargs)
  File "/home/airflow/.local/lib/python3.10/site-packages/airflow/cli/commands/task_command.py", line 483, in task_run
    task_return_code = _run_task_by_selected_method(args, _dag, ti)
  File "/home/airflow/.local/lib/python3.10/site-packages/airflow/cli/commands/task_command.py", line 256, in _run_task_by_selected_method
    return _run_raw_task(args, ti)
  File "/home/airflow/.local/lib/python3.10/site-packages/airflow/cli/commands/task_command.py", line 341, in _run_raw_task
    return ti._run_raw_task(
  File "/home/airflow/.local/lib/python3.10/site-packages/airflow/utils/session.py", line 97, in wrapper
    return func(*args, session=session, **kwargs)
  File "/home/airflow/.local/lib/python3.10/site-packages/airflow/models/taskinstance.py", line 2995, in _run_raw_task
    return _run_raw_task(
  File "/home/airflow/.local/lib/python3.10/site-packages/airflow/models/taskinstance.py", line 273, in _run_raw_task
    TaskInstance._execute_task_with_callbacks(
  File "/home/airflow/.local/lib/python3.10/site-packages/airflow/models/taskinstance.py", line 3149, in _execute_task_with_callbacks
    result = self._execute_task(context, task_orig)
  File "/home/airflow/.local/lib/python3.10/site-packages/airflow/models/taskinstance.py", line 3173, in _execute_task
    return _execute_task(self, context, task_orig)
  File "/home/airflow/.local/lib/python3.10/site-packages/airflow/models/taskinstance.py", line 767, in _execute_task
    result = _execute_callable(context=context, **execute_callable_kwargs)
  File "/home/airflow/.local/lib/python3.10/site-packages/airflow/models/taskinstance.py", line 733, in _execute_callable
    return ExecutionCallableRunner(
  File "/home/airflow/.local/lib/python3.10/site-packages/airflow/utils/operator_helpers.py", line 252, in run
    return self.func(*args, **kwargs)
  File "/home/airflow/.local/lib/python3.10/site-packages/airflow/models/baseoperator.py", line 406, in wrapper
    return func(self, *args, **kwargs)
  File "/home/airflow/.local/lib/python3.10/site-packages/airflow/decorators/base.py", line 266, in execute
    return_value = super().execute(context)
  File "/home/airflow/.local/lib/python3.10/site-packages/airflow/models/baseoperator.py", line 406, in wrapper
    return func(self, *args, **kwargs)
  File "/home/airflow/.local/lib/python3.10/site-packages/airflow/operators/python.py", line 505, in execute
    return super().execute(context=serializable_context)
  File "/home/airflow/.local/lib/python3.10/site-packages/airflow/models/baseoperator.py", line 406, in wrapper
    return func(self, *args, **kwargs)
  File "/home/airflow/.local/lib/python3.10/site-packages/airflow/operators/python.py", line 238, in execute
    return_value = self.execute_callable()
  File "/home/airflow/.local/lib/python3.10/site-packages/airflow/operators/python.py", line 870, in execute_callable
    result = self._execute_python_callable_in_subprocess(python_path)
  File "/home/airflow/.local/lib/python3.10/site-packages/airflow/operators/python.py", line 588, in _execute_python_callable_in_subprocess
    raise AirflowException(error_msg) from None
airflow.exceptions.AirflowException: Process returned non-zero exit status 1.
'ti'
[2025-03-28T08:28:48.608+0000] {local_task_job_runner.py:261} INFO - Task exited with return code 1
[2025-03-28T08:28:48.636+0000] {taskinstance.py:3891} INFO - 0 downstream tasks scheduled from follow-on schedule check
[2025-03-28T08:28:48.638+0000] {local_task_job_runner.py:240} INFO - ::endgroup::
