[2025-03-28T07:48:13.807+0000] {manager.py:483} INFO - Processing files using up to 2 processes at a time 
[2025-03-28T07:48:13.808+0000] {manager.py:484} INFO - Process each file at most once every 30 seconds
[2025-03-28T07:48:13.809+0000] {manager.py:485} INFO - Checking for new files in /opt/airflow/dags every 300 seconds
[2025-03-28T07:48:13.809+0000] {manager.py:821} INFO - Searching for files in /opt/airflow/dags
[2025-03-28T07:48:13.842+0000] {manager.py:824} INFO - There are 1 files in /opt/airflow/dags
[2025-03-28T07:48:13.905+0000] {manager.py:997} INFO - 
================================================================================
DAG File Processing Stats

File Path                        PID  Runtime      # DAGs    # Errors  Last Runtime    Last Run      Last # of DB Queries
-----------------------------  -----  ---------  --------  ----------  --------------  ----------  ----------------------
/opt/airflow/dags/pipeline.py     51  0.02s             0           0                                                   0
================================================================================
[2025-03-28T07:48:44.095+0000] {manager.py:997} INFO - 
================================================================================
DAG File Processing Stats

File Path                        PID  Runtime      # DAGs    # Errors  Last Runtime    Last Run               Last # of DB Queries
-----------------------------  -----  ---------  --------  ----------  --------------  -------------------  ----------------------
/opt/airflow/dags/pipeline.py     58  0.00s             0           1  0.07s           2025-03-28T07:48:13                       3
================================================================================
[2025-03-28T07:49:14.347+0000] {manager.py:997} INFO - 
================================================================================
DAG File Processing Stats

File Path                      PID    Runtime      # DAGs    # Errors  Last Runtime    Last Run               Last # of DB Queries
-----------------------------  -----  ---------  --------  ----------  --------------  -------------------  ----------------------
/opt/airflow/dags/pipeline.py                           0           1  0.06s           2025-03-28T07:49:13                       5
================================================================================
[2025-03-28T07:49:23.924+0000] {manager.py:465} INFO - Exiting gracefully upon receiving signal 15
[2025-03-28T07:51:20.994+0000] {manager.py:483} INFO - Processing files using up to 2 processes at a time 
[2025-03-28T07:51:20.995+0000] {manager.py:484} INFO - Process each file at most once every 30 seconds
[2025-03-28T07:51:20.996+0000] {manager.py:485} INFO - Checking for new files in /opt/airflow/dags every 300 seconds
[2025-03-28T07:51:20.996+0000] {manager.py:821} INFO - Searching for files in /opt/airflow/dags
[2025-03-28T07:51:21.054+0000] {manager.py:824} INFO - There are 1 files in /opt/airflow/dags
[2025-03-28T07:51:21.112+0000] {manager.py:997} INFO - 
================================================================================
DAG File Processing Stats

File Path                        PID  Runtime      # DAGs    # Errors  Last Runtime    Last Run      Last # of DB Queries
-----------------------------  -----  ---------  --------  ----------  --------------  ----------  ----------------------
/opt/airflow/dags/pipeline.py     50  0.02s             0           0                                                   0
================================================================================
[2025-03-28T07:51:51.316+0000] {manager.py:997} INFO - 
================================================================================
DAG File Processing Stats

File Path                        PID  Runtime      # DAGs    # Errors  Last Runtime    Last Run               Last # of DB Queries
-----------------------------  -----  ---------  --------  ----------  --------------  -------------------  ----------------------
/opt/airflow/dags/pipeline.py     57  0.01s             0           1  0.13s           2025-03-28T07:51:21                       6
================================================================================
[2025-03-28T07:52:21.583+0000] {manager.py:997} INFO - 
================================================================================
DAG File Processing Stats

File Path                        PID  Runtime      # DAGs    # Errors  Last Runtime    Last Run               Last # of DB Queries
-----------------------------  -----  ---------  --------  ----------  --------------  -------------------  ----------------------
/opt/airflow/dags/pipeline.py     64  0.00s             0           1  0.12s           2025-03-28T07:51:51                       8
================================================================================
[2025-03-28T07:52:51.789+0000] {manager.py:997} INFO - 
================================================================================
DAG File Processing Stats

File Path                        PID  Runtime      # DAGs    # Errors  Last Runtime    Last Run               Last # of DB Queries
-----------------------------  -----  ---------  --------  ----------  --------------  -------------------  ----------------------
/opt/airflow/dags/pipeline.py     71  0.01s             0           1  0.08s           2025-03-28T07:52:21                       8
================================================================================
[2025-03-28T07:53:22.047+0000] {manager.py:997} INFO - 
================================================================================
DAG File Processing Stats

File Path                        PID  Runtime      # DAGs    # Errors  Last Runtime    Last Run               Last # of DB Queries
-----------------------------  -----  ---------  --------  ----------  --------------  -------------------  ----------------------
/opt/airflow/dags/pipeline.py     84  0.01s             0           1  0.11s           2025-03-28T07:52:51                       8
================================================================================
[2025-03-28T07:53:52.328+0000] {manager.py:997} INFO - 
================================================================================
DAG File Processing Stats

File Path                      PID    Runtime      # DAGs    # Errors  Last Runtime    Last Run               Last # of DB Queries
-----------------------------  -----  ---------  --------  ----------  --------------  -------------------  ----------------------
/opt/airflow/dags/pipeline.py                           0           1  0.09s           2025-03-28T07:53:49                       8
================================================================================
[2025-03-28T07:54:05.244+0000] {manager.py:465} INFO - Exiting gracefully upon receiving signal 15
[2025-03-28T07:54:58.301+0000] {manager.py:483} INFO - Processing files using up to 2 processes at a time 
[2025-03-28T07:54:58.302+0000] {manager.py:484} INFO - Process each file at most once every 30 seconds
[2025-03-28T07:54:58.303+0000] {manager.py:485} INFO - Checking for new files in /opt/airflow/dags every 300 seconds
[2025-03-28T07:54:58.303+0000] {manager.py:821} INFO - Searching for files in /opt/airflow/dags
[2025-03-28T07:54:58.354+0000] {manager.py:824} INFO - There are 1 files in /opt/airflow/dags
[2025-03-28T07:54:58.405+0000] {manager.py:997} INFO - 
================================================================================
DAG File Processing Stats

File Path                        PID  Runtime      # DAGs    # Errors  Last Runtime    Last Run      Last # of DB Queries
-----------------------------  -----  ---------  --------  ----------  --------------  ----------  ----------------------
/opt/airflow/dags/pipeline.py     50  0.02s             0           0                                                   0
================================================================================
[2025-03-28T07:55:28.608+0000] {manager.py:997} INFO - 
================================================================================
DAG File Processing Stats

File Path                        PID  Runtime      # DAGs    # Errors  Last Runtime    Last Run               Last # of DB Queries
-----------------------------  -----  ---------  --------  ----------  --------------  -------------------  ----------------------
/opt/airflow/dags/pipeline.py     57  0.01s             0           1  0.11s           2025-03-28T07:54:58                       6
================================================================================
[2025-03-28T07:55:58.881+0000] {manager.py:997} INFO - 
================================================================================
DAG File Processing Stats

File Path                        PID  Runtime      # DAGs    # Errors  Last Runtime    Last Run               Last # of DB Queries
-----------------------------  -----  ---------  --------  ----------  --------------  -------------------  ----------------------
/opt/airflow/dags/pipeline.py     64  0.01s             0           1  0.10s           2025-03-28T07:55:28                       8
================================================================================
[2025-03-28T07:56:29.101+0000] {manager.py:997} INFO - 
================================================================================
DAG File Processing Stats

File Path                        PID  Runtime      # DAGs    # Errors  Last Runtime    Last Run               Last # of DB Queries
-----------------------------  -----  ---------  --------  ----------  --------------  -------------------  ----------------------
/opt/airflow/dags/pipeline.py     72  0.01s             0           1  0.10s           2025-03-28T07:55:58                       8
================================================================================
[2025-03-28T07:56:59.344+0000] {manager.py:997} INFO - 
================================================================================
DAG File Processing Stats

File Path                        PID  Runtime      # DAGs    # Errors  Last Runtime    Last Run               Last # of DB Queries
-----------------------------  -----  ---------  --------  ----------  --------------  -------------------  ----------------------
/opt/airflow/dags/pipeline.py     79  0.01s             0           1  0.11s           2025-03-28T07:56:29                       8
================================================================================
[2025-03-28T07:57:29.632+0000] {manager.py:997} INFO - 
================================================================================
DAG File Processing Stats

File Path                      PID    Runtime      # DAGs    # Errors  Last Runtime    Last Run               Last # of DB Queries
-----------------------------  -----  ---------  --------  ----------  --------------  -------------------  ----------------------
/opt/airflow/dags/pipeline.py                           0           1  0.09s           2025-03-28T07:57:22                       8
================================================================================
[2025-03-28T07:58:00.042+0000] {manager.py:997} INFO - 
================================================================================
DAG File Processing Stats

File Path                      PID    Runtime      # DAGs    # Errors  Last Runtime    Last Run               Last # of DB Queries
-----------------------------  -----  ---------  --------  ----------  --------------  -------------------  ----------------------
/opt/airflow/dags/pipeline.py                           0           1  0.10s           2025-03-28T07:57:58                       8
================================================================================
[2025-03-28T07:58:06.908+0000] {manager.py:465} INFO - Exiting gracefully upon receiving signal 15
[2025-03-28T08:01:42.943+0000] {manager.py:483} INFO - Processing files using up to 2 processes at a time 
[2025-03-28T08:01:42.944+0000] {manager.py:484} INFO - Process each file at most once every 30 seconds
[2025-03-28T08:01:42.945+0000] {manager.py:485} INFO - Checking for new files in /opt/airflow/dags every 300 seconds
[2025-03-28T08:01:42.945+0000] {manager.py:821} INFO - Searching for files in /opt/airflow/dags
[2025-03-28T08:01:42.997+0000] {manager.py:824} INFO - There are 1 files in /opt/airflow/dags
[2025-03-28T08:01:43.049+0000] {manager.py:997} INFO - 
================================================================================
DAG File Processing Stats

File Path                        PID  Runtime      # DAGs    # Errors  Last Runtime    Last Run      Last # of DB Queries
-----------------------------  -----  ---------  --------  ----------  --------------  ----------  ----------------------
/opt/airflow/dags/pipeline.py     50  0.02s             0           0                                                   0
================================================================================
[2025-03-28T08:02:13.236+0000] {manager.py:997} INFO - 
================================================================================
DAG File Processing Stats

File Path                      PID    Runtime      # DAGs    # Errors  Last Runtime    Last Run               Last # of DB Queries
-----------------------------  -----  ---------  --------  ----------  --------------  -------------------  ----------------------
/opt/airflow/dags/pipeline.py                           1           0  0.33s           2025-03-28T08:01:43                      27
================================================================================
[2025-03-28T08:02:43.789+0000] {manager.py:997} INFO - 
================================================================================
DAG File Processing Stats

File Path                        PID  Runtime      # DAGs    # Errors  Last Runtime    Last Run               Last # of DB Queries
-----------------------------  -----  ---------  --------  ----------  --------------  -------------------  ----------------------
/opt/airflow/dags/pipeline.py     64  0.01s             1           0  0.15s           2025-03-28T08:02:13                      13
================================================================================
[2025-03-28T08:03:14.126+0000] {manager.py:997} INFO - 
================================================================================
DAG File Processing Stats

File Path                        PID  Runtime      # DAGs    # Errors  Last Runtime    Last Run               Last # of DB Queries
-----------------------------  -----  ---------  --------  ----------  --------------  -------------------  ----------------------
/opt/airflow/dags/pipeline.py     78  0.01s             1           0  0.15s           2025-03-28T08:02:43                      13
================================================================================
[2025-03-28T08:03:44.346+0000] {manager.py:997} INFO - 
================================================================================
DAG File Processing Stats

File Path                        PID  Runtime      # DAGs    # Errors  Last Runtime    Last Run               Last # of DB Queries
-----------------------------  -----  ---------  --------  ----------  --------------  -------------------  ----------------------
/opt/airflow/dags/pipeline.py     85  0.01s             1           0  0.17s           2025-03-28T08:03:14                      13
================================================================================
[2025-03-28T08:04:14.691+0000] {manager.py:997} INFO - 
================================================================================
DAG File Processing Stats

File Path                        PID  Runtime      # DAGs    # Errors  Last Runtime    Last Run               Last # of DB Queries
-----------------------------  -----  ---------  --------  ----------  --------------  -------------------  ----------------------
/opt/airflow/dags/pipeline.py     92  0.01s             1           0  0.15s           2025-03-28T08:03:44                      13
================================================================================
[2025-03-28T08:04:44.911+0000] {manager.py:997} INFO - 
================================================================================
DAG File Processing Stats

File Path                        PID  Runtime      # DAGs    # Errors  Last Runtime    Last Run               Last # of DB Queries
-----------------------------  -----  ---------  --------  ----------  --------------  -------------------  ----------------------
/opt/airflow/dags/pipeline.py     99  0.00s             1           0  0.16s           2025-03-28T08:04:14                      13
================================================================================
[2025-03-28T08:05:15.228+0000] {manager.py:997} INFO - 
================================================================================
DAG File Processing Stats

File Path                        PID  Runtime      # DAGs    # Errors  Last Runtime    Last Run               Last # of DB Queries
-----------------------------  -----  ---------  --------  ----------  --------------  -------------------  ----------------------
/opt/airflow/dags/pipeline.py    106  0.01s             1           0  0.14s           2025-03-28T08:04:45                      13
================================================================================
[2025-03-28T08:05:45.448+0000] {manager.py:997} INFO - 
================================================================================
DAG File Processing Stats

File Path                        PID  Runtime      # DAGs    # Errors  Last Runtime    Last Run               Last # of DB Queries
-----------------------------  -----  ---------  --------  ----------  --------------  -------------------  ----------------------
/opt/airflow/dags/pipeline.py    113  0.00s             1           0  0.15s           2025-03-28T08:05:15                      13
================================================================================
[2025-03-28T08:06:15.746+0000] {manager.py:997} INFO - 
================================================================================
DAG File Processing Stats

File Path                      PID    Runtime      # DAGs    # Errors  Last Runtime    Last Run               Last # of DB Queries
-----------------------------  -----  ---------  --------  ----------  --------------  -------------------  ----------------------
/opt/airflow/dags/pipeline.py                           1           0  0.40s           2025-03-28T08:05:45                      23
================================================================================
[2025-03-28T08:06:43.201+0000] {manager.py:821} INFO - Searching for files in /opt/airflow/dags
[2025-03-28T08:06:43.254+0000] {manager.py:824} INFO - There are 1 files in /opt/airflow/dags
[2025-03-28T08:06:46.304+0000] {manager.py:997} INFO - 
================================================================================
DAG File Processing Stats

File Path                        PID  Runtime      # DAGs    # Errors  Last Runtime    Last Run               Last # of DB Queries
-----------------------------  -----  ---------  --------  ----------  --------------  -------------------  ----------------------
/opt/airflow/dags/pipeline.py    127  0.01s             1           0  0.15s           2025-03-28T08:06:16                      13
================================================================================
[2025-03-28T08:07:16.562+0000] {manager.py:997} INFO - 
================================================================================
DAG File Processing Stats

File Path                        PID  Runtime      # DAGs    # Errors  Last Runtime    Last Run               Last # of DB Queries
-----------------------------  -----  ---------  --------  ----------  --------------  -------------------  ----------------------
/opt/airflow/dags/pipeline.py    134  0.00s             1           0  0.16s           2025-03-28T08:06:46                      13
================================================================================
[2025-03-28T08:07:46.836+0000] {manager.py:997} INFO - 
================================================================================
DAG File Processing Stats

File Path                        PID  Runtime      # DAGs    # Errors  Last Runtime    Last Run               Last # of DB Queries
-----------------------------  -----  ---------  --------  ----------  --------------  -------------------  ----------------------
/opt/airflow/dags/pipeline.py    141  0.01s             1           0  0.13s           2025-03-28T08:07:16                      13
================================================================================
[2025-03-28T08:08:17.060+0000] {manager.py:997} INFO - 
================================================================================
DAG File Processing Stats

File Path                        PID  Runtime      # DAGs    # Errors  Last Runtime    Last Run               Last # of DB Queries
-----------------------------  -----  ---------  --------  ----------  --------------  -------------------  ----------------------
/opt/airflow/dags/pipeline.py    148  0.01s             1           0  0.15s           2025-03-28T08:07:46                      13
================================================================================
[2025-03-28T08:08:47.359+0000] {manager.py:997} INFO - 
================================================================================
DAG File Processing Stats

File Path                        PID  Runtime      # DAGs    # Errors  Last Runtime    Last Run               Last # of DB Queries
-----------------------------  -----  ---------  --------  ----------  --------------  -------------------  ----------------------
/opt/airflow/dags/pipeline.py    156  0.01s             1           0  0.13s           2025-03-28T08:08:17                      13
================================================================================
[2025-03-28T08:09:17.559+0000] {manager.py:997} INFO - 
================================================================================
DAG File Processing Stats

File Path                        PID  Runtime      # DAGs    # Errors  Last Runtime    Last Run               Last # of DB Queries
-----------------------------  -----  ---------  --------  ----------  --------------  -------------------  ----------------------
/opt/airflow/dags/pipeline.py    163  0.00s             1           0  0.13s           2025-03-28T08:08:47                      13
================================================================================
[2025-03-28T08:09:47.868+0000] {manager.py:997} INFO - 
================================================================================
DAG File Processing Stats

File Path                        PID  Runtime      # DAGs    # Errors  Last Runtime    Last Run               Last # of DB Queries
-----------------------------  -----  ---------  --------  ----------  --------------  -------------------  ----------------------
/opt/airflow/dags/pipeline.py    170  0.00s             1           0  0.13s           2025-03-28T08:09:17                      13
================================================================================
[2025-03-28T08:10:18.078+0000] {manager.py:997} INFO - 
================================================================================
DAG File Processing Stats

File Path                        PID  Runtime      # DAGs    # Errors  Last Runtime    Last Run               Last # of DB Queries
-----------------------------  -----  ---------  --------  ----------  --------------  -------------------  ----------------------
/opt/airflow/dags/pipeline.py    177  0.01s             1           0  0.13s           2025-03-28T08:09:47                      13
================================================================================
[2025-03-28T08:10:27.981+0000] {manager.py:465} INFO - Exiting gracefully upon receiving signal 15
[2025-03-28T08:11:13.032+0000] {manager.py:483} INFO - Processing files using up to 2 processes at a time 
[2025-03-28T08:11:13.033+0000] {manager.py:484} INFO - Process each file at most once every 30 seconds
[2025-03-28T08:11:13.034+0000] {manager.py:485} INFO - Checking for new files in /opt/airflow/dags every 300 seconds
[2025-03-28T08:11:13.035+0000] {manager.py:821} INFO - Searching for files in /opt/airflow/dags
[2025-03-28T08:11:13.109+0000] {manager.py:824} INFO - There are 1 files in /opt/airflow/dags
[2025-03-28T08:11:13.164+0000] {manager.py:997} INFO - 
================================================================================
DAG File Processing Stats

File Path                        PID  Runtime      # DAGs    # Errors  Last Runtime    Last Run      Last # of DB Queries
-----------------------------  -----  ---------  --------  ----------  --------------  ----------  ----------------------
/opt/airflow/dags/pipeline.py     50  0.02s             0           0                                                   0
================================================================================
[2025-03-28T08:11:43.352+0000] {manager.py:997} INFO - 
================================================================================
DAG File Processing Stats

File Path                      PID    Runtime      # DAGs    # Errors  Last Runtime    Last Run               Last # of DB Queries
-----------------------------  -----  ---------  --------  ----------  --------------  -------------------  ----------------------
/opt/airflow/dags/pipeline.py                           1           0  0.33s           2025-03-28T08:11:13                      27
================================================================================
[2025-03-28T08:12:13.882+0000] {manager.py:997} INFO - 
================================================================================
DAG File Processing Stats

File Path                        PID  Runtime      # DAGs    # Errors  Last Runtime    Last Run               Last # of DB Queries
-----------------------------  -----  ---------  --------  ----------  --------------  -------------------  ----------------------
/opt/airflow/dags/pipeline.py     70  0.01s             1           0  0.16s           2025-03-28T08:11:43                      13
================================================================================
[2025-03-28T08:12:44.200+0000] {manager.py:997} INFO - 
================================================================================
DAG File Processing Stats

File Path                        PID  Runtime      # DAGs    # Errors  Last Runtime    Last Run               Last # of DB Queries
-----------------------------  -----  ---------  --------  ----------  --------------  -------------------  ----------------------
/opt/airflow/dags/pipeline.py     77  0.01s             1           0  0.14s           2025-03-28T08:12:14                      13
================================================================================
[2025-03-28T08:13:14.415+0000] {manager.py:997} INFO - 
================================================================================
DAG File Processing Stats

File Path                        PID  Runtime      # DAGs    # Errors  Last Runtime    Last Run               Last # of DB Queries
-----------------------------  -----  ---------  --------  ----------  --------------  -------------------  ----------------------
/opt/airflow/dags/pipeline.py     84  0.01s             1           0  0.16s           2025-03-28T08:12:44                      13
================================================================================
[2025-03-28T08:13:44.746+0000] {manager.py:997} INFO - 
================================================================================
DAG File Processing Stats

File Path                        PID  Runtime      # DAGs    # Errors  Last Runtime    Last Run               Last # of DB Queries
-----------------------------  -----  ---------  --------  ----------  --------------  -------------------  ----------------------
/opt/airflow/dags/pipeline.py     91  0.01s             1           0  0.15s           2025-03-28T08:13:14                      13
================================================================================
[2025-03-28T08:14:14.953+0000] {manager.py:997} INFO - 
================================================================================
DAG File Processing Stats

File Path                        PID  Runtime      # DAGs    # Errors  Last Runtime    Last Run               Last # of DB Queries
-----------------------------  -----  ---------  --------  ----------  --------------  -------------------  ----------------------
/opt/airflow/dags/pipeline.py     98  0.00s             1           0  0.16s           2025-03-28T08:13:44                      13
================================================================================
[2025-03-28T08:14:45.160+0000] {manager.py:997} INFO - 
================================================================================
DAG File Processing Stats

File Path                        PID  Runtime      # DAGs    # Errors  Last Runtime    Last Run               Last # of DB Queries
-----------------------------  -----  ---------  --------  ----------  --------------  -------------------  ----------------------
/opt/airflow/dags/pipeline.py    105  0.01s             1           0  0.11s           2025-03-28T08:14:15                      13
================================================================================
[2025-03-28T08:15:15.452+0000] {manager.py:997} INFO - 
================================================================================
DAG File Processing Stats

File Path                        PID  Runtime      # DAGs    # Errors  Last Runtime    Last Run               Last # of DB Queries
-----------------------------  -----  ---------  --------  ----------  --------------  -------------------  ----------------------
/opt/airflow/dags/pipeline.py    112  0.01s             1           0  0.17s           2025-03-28T08:14:45                      13
================================================================================
[2025-03-28T08:15:45.711+0000] {manager.py:997} INFO - 
================================================================================
DAG File Processing Stats

File Path                        PID  Runtime      # DAGs    # Errors  Last Runtime    Last Run               Last # of DB Queries
-----------------------------  -----  ---------  --------  ----------  --------------  -------------------  ----------------------
/opt/airflow/dags/pipeline.py    119  0.01s             1           0  0.17s           2025-03-28T08:15:15                      13
================================================================================
[2025-03-28T08:16:13.982+0000] {manager.py:821} INFO - Searching for files in /opt/airflow/dags
[2025-03-28T08:16:14.035+0000] {manager.py:824} INFO - There are 1 files in /opt/airflow/dags
[2025-03-28T08:16:16.070+0000] {manager.py:997} INFO - 
================================================================================
DAG File Processing Stats

File Path                        PID  Runtime      # DAGs    # Errors  Last Runtime    Last Run               Last # of DB Queries
-----------------------------  -----  ---------  --------  ----------  --------------  -------------------  ----------------------
/opt/airflow/dags/pipeline.py    126  0.00s             1           0  0.16s           2025-03-28T08:15:45                      13
================================================================================
[2025-03-28T08:16:46.296+0000] {manager.py:997} INFO - 
================================================================================
DAG File Processing Stats

File Path                        PID  Runtime      # DAGs    # Errors  Last Runtime    Last Run               Last # of DB Queries
-----------------------------  -----  ---------  --------  ----------  --------------  -------------------  ----------------------
/opt/airflow/dags/pipeline.py    133  0.01s             1           0  0.12s           2025-03-28T08:16:16                      13
================================================================================
[2025-03-28T08:17:16.573+0000] {manager.py:997} INFO - 
================================================================================
DAG File Processing Stats

File Path                        PID  Runtime      # DAGs    # Errors  Last Runtime    Last Run               Last # of DB Queries
-----------------------------  -----  ---------  --------  ----------  --------------  -------------------  ----------------------
/opt/airflow/dags/pipeline.py    140  0.00s             1           0  0.16s           2025-03-28T08:16:46                      13
================================================================================
[2025-03-28T08:17:46.811+0000] {manager.py:997} INFO - 
================================================================================
DAG File Processing Stats

File Path                        PID  Runtime      # DAGs    # Errors  Last Runtime    Last Run               Last # of DB Queries
-----------------------------  -----  ---------  --------  ----------  --------------  -------------------  ----------------------
/opt/airflow/dags/pipeline.py    147  0.00s             1           0  0.15s           2025-03-28T08:17:16                      13
================================================================================
[2025-03-28T08:18:17.078+0000] {manager.py:997} INFO - 
================================================================================
DAG File Processing Stats

File Path                        PID  Runtime      # DAGs    # Errors  Last Runtime    Last Run               Last # of DB Queries
-----------------------------  -----  ---------  --------  ----------  --------------  -------------------  ----------------------
/opt/airflow/dags/pipeline.py    154  0.01s             1           0  0.15s           2025-03-28T08:17:46                      13
================================================================================
[2025-03-28T08:18:47.333+0000] {manager.py:997} INFO - 
================================================================================
DAG File Processing Stats

File Path                        PID  Runtime      # DAGs    # Errors  Last Runtime    Last Run               Last # of DB Queries
-----------------------------  -----  ---------  --------  ----------  --------------  -------------------  ----------------------
/opt/airflow/dags/pipeline.py    161  0.00s             1           0  0.15s           2025-03-28T08:18:17                      13
================================================================================
[2025-03-28T08:19:17.593+0000] {manager.py:997} INFO - 
================================================================================
DAG File Processing Stats

File Path                        PID  Runtime      # DAGs    # Errors  Last Runtime    Last Run               Last # of DB Queries
-----------------------------  -----  ---------  --------  ----------  --------------  -------------------  ----------------------
/opt/airflow/dags/pipeline.py    168  0.00s             1           0  0.16s           2025-03-28T08:18:47                      13
================================================================================
[2025-03-28T08:19:47.893+0000] {manager.py:997} INFO - 
================================================================================
DAG File Processing Stats

File Path                        PID  Runtime      # DAGs    # Errors  Last Runtime    Last Run               Last # of DB Queries
-----------------------------  -----  ---------  --------  ----------  --------------  -------------------  ----------------------
/opt/airflow/dags/pipeline.py    175  0.01s             1           0  0.11s           2025-03-28T08:19:17                      13
================================================================================
[2025-03-28T08:20:18.184+0000] {manager.py:997} INFO - 
================================================================================
DAG File Processing Stats

File Path                      PID    Runtime      # DAGs    # Errors  Last Runtime    Last Run               Last # of DB Queries
-----------------------------  -----  ---------  --------  ----------  --------------  -------------------  ----------------------
/opt/airflow/dags/pipeline.py                           0           1  0.08s           2025-03-28T08:20:17                       5
================================================================================
[2025-03-28T08:20:48.476+0000] {manager.py:997} INFO - 
================================================================================
DAG File Processing Stats

File Path                      PID    Runtime      # DAGs    # Errors  Last Runtime    Last Run               Last # of DB Queries
-----------------------------  -----  ---------  --------  ----------  --------------  -------------------  ----------------------
/opt/airflow/dags/pipeline.py                           1           0  0.30s           2025-03-28T08:20:26                      23
================================================================================
[2025-03-28T08:21:13.982+0000] {manager.py:821} INFO - Searching for files in /opt/airflow/dags
[2025-03-28T08:21:14.027+0000] {manager.py:824} INFO - There are 1 files in /opt/airflow/dags
[2025-03-28T08:21:18.922+0000] {manager.py:997} INFO - 
================================================================================
DAG File Processing Stats

File Path                      PID    Runtime      # DAGs    # Errors  Last Runtime    Last Run               Last # of DB Queries
-----------------------------  -----  ---------  --------  ----------  --------------  -------------------  ----------------------
/opt/airflow/dags/pipeline.py                           1           0  0.12s           2025-03-28T08:20:56                      13
================================================================================
[2025-03-28T08:21:49.122+0000] {manager.py:997} INFO - 
================================================================================
DAG File Processing Stats

File Path                      PID    Runtime      # DAGs    # Errors  Last Runtime    Last Run               Last # of DB Queries
-----------------------------  -----  ---------  --------  ----------  --------------  -------------------  ----------------------
/opt/airflow/dags/pipeline.py                           1           0  0.11s           2025-03-28T08:21:27                      13
================================================================================
[2025-03-28T08:22:19.413+0000] {manager.py:997} INFO - 
================================================================================
DAG File Processing Stats

File Path                      PID    Runtime      # DAGs    # Errors  Last Runtime    Last Run               Last # of DB Queries
-----------------------------  -----  ---------  --------  ----------  --------------  -------------------  ----------------------
/opt/airflow/dags/pipeline.py                           1           0  0.13s           2025-03-28T08:21:57                      13
================================================================================
[2025-03-28T08:22:49.621+0000] {manager.py:997} INFO - 
================================================================================
DAG File Processing Stats

File Path                      PID    Runtime      # DAGs    # Errors  Last Runtime    Last Run               Last # of DB Queries
-----------------------------  -----  ---------  --------  ----------  --------------  -------------------  ----------------------
/opt/airflow/dags/pipeline.py                           1           0  0.16s           2025-03-28T08:22:27                      13
================================================================================
[2025-03-28T08:23:19.827+0000] {manager.py:997} INFO - 
================================================================================
DAG File Processing Stats

File Path                      PID    Runtime      # DAGs    # Errors  Last Runtime    Last Run               Last # of DB Queries
-----------------------------  -----  ---------  --------  ----------  --------------  -------------------  ----------------------
/opt/airflow/dags/pipeline.py                           1           0  0.11s           2025-03-28T08:22:57                      13
================================================================================
[2025-03-28T08:23:50.105+0000] {manager.py:997} INFO - 
================================================================================
DAG File Processing Stats

File Path                      PID    Runtime      # DAGs    # Errors  Last Runtime    Last Run               Last # of DB Queries
-----------------------------  -----  ---------  --------  ----------  --------------  -------------------  ----------------------
/opt/airflow/dags/pipeline.py                           1           0  0.11s           2025-03-28T08:23:27                      13
================================================================================
[2025-03-28T08:24:20.307+0000] {manager.py:997} INFO - 
================================================================================
DAG File Processing Stats

File Path                      PID    Runtime      # DAGs    # Errors  Last Runtime    Last Run               Last # of DB Queries
-----------------------------  -----  ---------  --------  ----------  --------------  -------------------  ----------------------
/opt/airflow/dags/pipeline.py                           1           0  0.13s           2025-03-28T08:23:58                      13
================================================================================
[2025-03-28T08:24:50.587+0000] {manager.py:997} INFO - 
================================================================================
DAG File Processing Stats

File Path                      PID    Runtime      # DAGs    # Errors  Last Runtime    Last Run               Last # of DB Queries
-----------------------------  -----  ---------  --------  ----------  --------------  -------------------  ----------------------
/opt/airflow/dags/pipeline.py                           1           0  0.10s           2025-03-28T08:24:28                      13
================================================================================
[2025-03-28T08:25:20.791+0000] {manager.py:997} INFO - 
================================================================================
DAG File Processing Stats

File Path                      PID    Runtime      # DAGs    # Errors  Last Runtime    Last Run               Last # of DB Queries
-----------------------------  -----  ---------  --------  ----------  --------------  -------------------  ----------------------
/opt/airflow/dags/pipeline.py                           1           0  0.11s           2025-03-28T08:24:58                      13
================================================================================
[2025-03-28T08:25:51.064+0000] {manager.py:997} INFO - 
================================================================================
DAG File Processing Stats

File Path                      PID    Runtime      # DAGs    # Errors  Last Runtime    Last Run               Last # of DB Queries
-----------------------------  -----  ---------  --------  ----------  --------------  -------------------  ----------------------
/opt/airflow/dags/pipeline.py                           1           0  0.14s           2025-03-28T08:25:28                      13
================================================================================
[2025-03-28T08:26:14.235+0000] {manager.py:821} INFO - Searching for files in /opt/airflow/dags
[2025-03-28T08:26:14.290+0000] {manager.py:824} INFO - There are 1 files in /opt/airflow/dags
[2025-03-28T08:26:21.126+0000] {manager.py:465} INFO - Exiting gracefully upon receiving signal 15
[2025-03-28T08:27:06.773+0000] {manager.py:483} INFO - Processing files using up to 2 processes at a time 
[2025-03-28T08:27:06.773+0000] {manager.py:484} INFO - Process each file at most once every 30 seconds
[2025-03-28T08:27:06.774+0000] {manager.py:485} INFO - Checking for new files in /opt/airflow/dags every 300 seconds
[2025-03-28T08:27:06.775+0000] {manager.py:821} INFO - Searching for files in /opt/airflow/dags
[2025-03-28T08:27:06.841+0000] {manager.py:824} INFO - There are 1 files in /opt/airflow/dags
[2025-03-28T08:27:06.936+0000] {manager.py:997} INFO - 
================================================================================
DAG File Processing Stats

File Path                        PID  Runtime      # DAGs    # Errors  Last Runtime    Last Run      Last # of DB Queries
-----------------------------  -----  ---------  --------  ----------  --------------  ----------  ----------------------
/opt/airflow/dags/pipeline.py     50  0.02s             0           0                                                   0
================================================================================
[2025-03-28T08:27:37.397+0000] {manager.py:997} INFO - 
================================================================================
DAG File Processing Stats

File Path                      PID    Runtime      # DAGs    # Errors  Last Runtime    Last Run               Last # of DB Queries
-----------------------------  -----  ---------  --------  ----------  --------------  -------------------  ----------------------
/opt/airflow/dags/pipeline.py                           1           0  0.12s           2025-03-28T08:27:36                      12
================================================================================
[2025-03-28T08:28:08.249+0000] {manager.py:997} INFO - 
================================================================================
DAG File Processing Stats

File Path                      PID    Runtime      # DAGs    # Errors  Last Runtime    Last Run               Last # of DB Queries
-----------------------------  -----  ---------  --------  ----------  --------------  -------------------  ----------------------
/opt/airflow/dags/pipeline.py                           1           0  0.11s           2025-03-28T08:28:05                      12
================================================================================
[2025-03-28T08:28:38.575+0000] {manager.py:997} INFO - 
================================================================================
DAG File Processing Stats

File Path                      PID    Runtime      # DAGs    # Errors  Last Runtime    Last Run               Last # of DB Queries
-----------------------------  -----  ---------  --------  ----------  --------------  -------------------  ----------------------
/opt/airflow/dags/pipeline.py                           1           0  0.10s           2025-03-28T08:28:13                      12
================================================================================
[2025-03-28T08:29:08.817+0000] {manager.py:997} INFO - 
================================================================================
DAG File Processing Stats

File Path                      PID    Runtime      # DAGs    # Errors  Last Runtime    Last Run               Last # of DB Queries
-----------------------------  -----  ---------  --------  ----------  --------------  -------------------  ----------------------
/opt/airflow/dags/pipeline.py                           1           0  0.34s           2025-03-28T08:28:43                      23
================================================================================
[2025-03-28T08:29:39.298+0000] {manager.py:997} INFO - 
================================================================================
DAG File Processing Stats

File Path                      PID    Runtime      # DAGs    # Errors  Last Runtime    Last Run               Last # of DB Queries
-----------------------------  -----  ---------  --------  ----------  --------------  -------------------  ----------------------
/opt/airflow/dags/pipeline.py                           1           0  0.23s           2025-03-28T08:29:14                      23
================================================================================
[2025-03-28T08:30:09.702+0000] {manager.py:997} INFO - 
================================================================================
DAG File Processing Stats

File Path                      PID    Runtime      # DAGs    # Errors  Last Runtime    Last Run               Last # of DB Queries
-----------------------------  -----  ---------  --------  ----------  --------------  -------------------  ----------------------
/opt/airflow/dags/pipeline.py                           1           0  0.19s           2025-03-28T08:29:44                      23
================================================================================
[2025-03-28T08:30:40.070+0000] {manager.py:997} INFO - 
================================================================================
DAG File Processing Stats

File Path                      PID    Runtime      # DAGs    # Errors  Last Runtime    Last Run               Last # of DB Queries
-----------------------------  -----  ---------  --------  ----------  --------------  -------------------  ----------------------
/opt/airflow/dags/pipeline.py                           1           0  0.19s           2025-03-28T08:30:15                      23
================================================================================
[2025-03-28T08:31:10.440+0000] {manager.py:997} INFO - 
================================================================================
DAG File Processing Stats

File Path                      PID    Runtime      # DAGs    # Errors  Last Runtime    Last Run               Last # of DB Queries
-----------------------------  -----  ---------  --------  ----------  --------------  -------------------  ----------------------
/opt/airflow/dags/pipeline.py                           1           0  0.19s           2025-03-28T08:30:45                      23
================================================================================
[2025-03-28T08:31:40.771+0000] {manager.py:997} INFO - 
================================================================================
DAG File Processing Stats

File Path                      PID    Runtime      # DAGs    # Errors  Last Runtime    Last Run               Last # of DB Queries
-----------------------------  -----  ---------  --------  ----------  --------------  -------------------  ----------------------
/opt/airflow/dags/pipeline.py                           1           0  0.33s           2025-03-28T08:31:15                      23
================================================================================
[2025-03-28T08:32:07.123+0000] {manager.py:821} INFO - Searching for files in /opt/airflow/dags
[2025-03-28T08:32:07.178+0000] {manager.py:824} INFO - There are 1 files in /opt/airflow/dags
[2025-03-28T08:32:11.217+0000] {manager.py:997} INFO - 
================================================================================
DAG File Processing Stats

File Path                      PID    Runtime      # DAGs    # Errors  Last Runtime    Last Run               Last # of DB Queries
-----------------------------  -----  ---------  --------  ----------  --------------  -------------------  ----------------------
/opt/airflow/dags/pipeline.py                           1           0  0.19s           2025-03-28T08:31:46                      23
================================================================================
[2025-03-28T08:32:41.498+0000] {manager.py:997} INFO - 
================================================================================
DAG File Processing Stats

File Path                      PID    Runtime      # DAGs    # Errors  Last Runtime    Last Run               Last # of DB Queries
-----------------------------  -----  ---------  --------  ----------  --------------  -------------------  ----------------------
/opt/airflow/dags/pipeline.py                           1           0  0.20s           2025-03-28T08:32:16                      23
================================================================================
[2025-03-28T08:33:11.793+0000] {manager.py:997} INFO - 
================================================================================
DAG File Processing Stats

File Path                      PID    Runtime      # DAGs    # Errors  Last Runtime    Last Run               Last # of DB Queries
-----------------------------  -----  ---------  --------  ----------  --------------  -------------------  ----------------------
/opt/airflow/dags/pipeline.py                           1           0  0.24s           2025-03-28T08:32:46                      23
================================================================================
[2025-03-28T08:33:42.102+0000] {manager.py:997} INFO - 
================================================================================
DAG File Processing Stats

File Path                      PID    Runtime      # DAGs    # Errors  Last Runtime    Last Run               Last # of DB Queries
-----------------------------  -----  ---------  --------  ----------  --------------  -------------------  ----------------------
/opt/airflow/dags/pipeline.py                           1           0  0.23s           2025-03-28T08:33:17                      23
================================================================================
[2025-03-28T08:34:12.765+0000] {manager.py:997} INFO - 
================================================================================
DAG File Processing Stats

File Path                        PID  Runtime      # DAGs    # Errors  Last Runtime    Last Run               Last # of DB Queries
-----------------------------  -----  ---------  --------  ----------  --------------  -------------------  ----------------------
/opt/airflow/dags/pipeline.py    173  0.01s             1           0  0.12s           2025-03-28T08:33:59                      12
================================================================================
[2025-03-28T08:34:42.970+0000] {manager.py:997} INFO - 
================================================================================
DAG File Processing Stats

File Path                        PID  Runtime      # DAGs    # Errors  Last Runtime    Last Run               Last # of DB Queries
-----------------------------  -----  ---------  --------  ----------  --------------  -------------------  ----------------------
/opt/airflow/dags/pipeline.py    180  0.01s             1           0  0.14s           2025-03-28T08:34:12                      12
================================================================================
[2025-03-28T08:35:13.258+0000] {manager.py:997} INFO - 
================================================================================
DAG File Processing Stats

File Path                        PID  Runtime      # DAGs    # Errors  Last Runtime    Last Run               Last # of DB Queries
-----------------------------  -----  ---------  --------  ----------  --------------  -------------------  ----------------------
/opt/airflow/dags/pipeline.py    187  0.01s             1           0  0.19s           2025-03-28T08:34:43                      23
================================================================================
[2025-03-28T08:35:27.156+0000] {manager.py:465} INFO - Exiting gracefully upon receiving signal 15
[2025-03-28T08:36:12.881+0000] {manager.py:483} INFO - Processing files using up to 2 processes at a time 
[2025-03-28T08:36:12.882+0000] {manager.py:484} INFO - Process each file at most once every 30 seconds
[2025-03-28T08:36:12.883+0000] {manager.py:485} INFO - Checking for new files in /opt/airflow/dags every 300 seconds
[2025-03-28T08:36:12.883+0000] {manager.py:821} INFO - Searching for files in /opt/airflow/dags
[2025-03-28T08:36:12.933+0000] {manager.py:824} INFO - There are 1 files in /opt/airflow/dags
[2025-03-28T08:36:13.016+0000] {manager.py:997} INFO - 
================================================================================
DAG File Processing Stats

File Path                        PID  Runtime      # DAGs    # Errors  Last Runtime    Last Run      Last # of DB Queries
-----------------------------  -----  ---------  --------  ----------  --------------  ----------  ----------------------
/opt/airflow/dags/pipeline.py     50  0.02s             0           0                                                   0
================================================================================
[2025-03-28T08:36:43.210+0000] {manager.py:997} INFO - 
================================================================================
DAG File Processing Stats

File Path                      PID    Runtime      # DAGs    # Errors  Last Runtime    Last Run               Last # of DB Queries
-----------------------------  -----  ---------  --------  ----------  --------------  -------------------  ----------------------
/opt/airflow/dags/pipeline.py                           1           0  0.11s           2025-03-28T08:36:15                      12
================================================================================
[2025-03-28T08:37:13.618+0000] {manager.py:997} INFO - 
================================================================================
DAG File Processing Stats

File Path                      PID    Runtime      # DAGs    # Errors  Last Runtime    Last Run               Last # of DB Queries
-----------------------------  -----  ---------  --------  ----------  --------------  -------------------  ----------------------
/opt/airflow/dags/pipeline.py                           1           0  0.13s           2025-03-28T08:37:05                      12
================================================================================
[2025-03-28T08:37:43.900+0000] {manager.py:997} INFO - 
================================================================================
DAG File Processing Stats

File Path                      PID    Runtime      # DAGs    # Errors  Last Runtime    Last Run               Last # of DB Queries
-----------------------------  -----  ---------  --------  ----------  --------------  -------------------  ----------------------
/opt/airflow/dags/pipeline.py                           1           0  0.34s           2025-03-28T08:37:36                      23
================================================================================
[2025-03-28T08:38:14.331+0000] {manager.py:997} INFO - 
================================================================================
DAG File Processing Stats

File Path                      PID    Runtime      # DAGs    # Errors  Last Runtime    Last Run               Last # of DB Queries
-----------------------------  -----  ---------  --------  ----------  --------------  -------------------  ----------------------
/opt/airflow/dags/pipeline.py                           1           0  0.35s           2025-03-28T08:38:06                      23
================================================================================
[2025-03-28T08:38:44.873+0000] {manager.py:997} INFO - 
================================================================================
DAG File Processing Stats

File Path                      PID    Runtime      # DAGs    # Errors  Last Runtime    Last Run               Last # of DB Queries
-----------------------------  -----  ---------  --------  ----------  --------------  -------------------  ----------------------
/opt/airflow/dags/pipeline.py                           1           0  0.21s           2025-03-28T08:38:37                      23
================================================================================
[2025-03-28T08:39:15.263+0000] {manager.py:997} INFO - 
================================================================================
DAG File Processing Stats

File Path                      PID    Runtime      # DAGs    # Errors  Last Runtime    Last Run               Last # of DB Queries
-----------------------------  -----  ---------  --------  ----------  --------------  -------------------  ----------------------
/opt/airflow/dags/pipeline.py                           1           0  0.20s           2025-03-28T08:39:07                      23
================================================================================
[2025-03-28T08:39:45.633+0000] {manager.py:997} INFO - 
================================================================================
DAG File Processing Stats

File Path                      PID    Runtime      # DAGs    # Errors  Last Runtime    Last Run               Last # of DB Queries
-----------------------------  -----  ---------  --------  ----------  --------------  -------------------  ----------------------
/opt/airflow/dags/pipeline.py                           1           0  0.22s           2025-03-28T08:39:37                      23
================================================================================
[2025-03-28T08:40:16.027+0000] {manager.py:997} INFO - 
================================================================================
DAG File Processing Stats

File Path                      PID    Runtime      # DAGs    # Errors  Last Runtime    Last Run               Last # of DB Queries
-----------------------------  -----  ---------  --------  ----------  --------------  -------------------  ----------------------
/opt/airflow/dags/pipeline.py                           1           0  0.35s           2025-03-28T08:40:08                      23
================================================================================
[2025-03-28T08:40:46.548+0000] {manager.py:997} INFO - 
================================================================================
DAG File Processing Stats

File Path                      PID    Runtime      # DAGs    # Errors  Last Runtime    Last Run               Last # of DB Queries
-----------------------------  -----  ---------  --------  ----------  --------------  -------------------  ----------------------
/opt/airflow/dags/pipeline.py                           1           0  0.35s           2025-03-28T08:40:38                      23
================================================================================
[2025-03-28T08:41:12.942+0000] {manager.py:821} INFO - Searching for files in /opt/airflow/dags
[2025-03-28T08:41:12.996+0000] {manager.py:824} INFO - There are 1 files in /opt/airflow/dags
[2025-03-28T08:41:16.906+0000] {manager.py:997} INFO - 
================================================================================
DAG File Processing Stats

File Path                        PID  Runtime      # DAGs    # Errors  Last Runtime    Last Run               Last # of DB Queries
-----------------------------  -----  ---------  --------  ----------  --------------  -------------------  ----------------------
/opt/airflow/dags/pipeline.py    129  0.00s             1           0  0.20s           2025-03-28T08:41:08                      23
================================================================================
[2025-03-28T08:41:47.641+0000] {manager.py:997} INFO - 
================================================================================
DAG File Processing Stats

File Path                      PID    Runtime      # DAGs    # Errors  Last Runtime    Last Run               Last # of DB Queries
-----------------------------  -----  ---------  --------  ----------  --------------  -------------------  ----------------------
/opt/airflow/dags/pipeline.py                           1           0  0.13s           2025-03-28T08:41:43                      12
================================================================================
[2025-03-28T08:41:50.136+0000] {manager.py:465} INFO - Exiting gracefully upon receiving signal 15
[2025-03-28T08:43:02.611+0000] {manager.py:483} INFO - Processing files using up to 2 processes at a time 
[2025-03-28T08:43:02.612+0000] {manager.py:484} INFO - Process each file at most once every 30 seconds
[2025-03-28T08:43:02.613+0000] {manager.py:485} INFO - Checking for new files in /opt/airflow/dags every 300 seconds
[2025-03-28T08:43:02.613+0000] {manager.py:821} INFO - Searching for files in /opt/airflow/dags
[2025-03-28T08:43:02.660+0000] {manager.py:824} INFO - There are 1 files in /opt/airflow/dags
[2025-03-28T08:43:02.744+0000] {manager.py:997} INFO - 
================================================================================
DAG File Processing Stats

File Path                        PID  Runtime      # DAGs    # Errors  Last Runtime    Last Run      Last # of DB Queries
-----------------------------  -----  ---------  --------  ----------  --------------  ----------  ----------------------
/opt/airflow/dags/pipeline.py     50  0.02s             0           0                                                   0
================================================================================
[2025-03-28T08:43:32.913+0000] {manager.py:997} INFO - 
================================================================================
DAG File Processing Stats

File Path                      PID    Runtime      # DAGs    # Errors  Last Runtime    Last Run               Last # of DB Queries
-----------------------------  -----  ---------  --------  ----------  --------------  -------------------  ----------------------
/opt/airflow/dags/pipeline.py                           1           0  0.43s           2025-03-28T08:43:03                      27
================================================================================
[2025-03-28T08:44:03.519+0000] {manager.py:997} INFO - 
================================================================================
DAG File Processing Stats

File Path                      PID    Runtime      # DAGs    # Errors  Last Runtime    Last Run               Last # of DB Queries
-----------------------------  -----  ---------  --------  ----------  --------------  -------------------  ----------------------
/opt/airflow/dags/pipeline.py                           1           0  0.19s           2025-03-28T08:43:33                      23
================================================================================
[2025-03-28T08:44:33.895+0000] {manager.py:997} INFO - 
================================================================================
DAG File Processing Stats

File Path                        PID  Runtime      # DAGs    # Errors  Last Runtime    Last Run               Last # of DB Queries
-----------------------------  -----  ---------  --------  ----------  --------------  -------------------  ----------------------
/opt/airflow/dags/pipeline.py     81  0.00s             1           0  0.18s           2025-03-28T08:44:03                      23
================================================================================
[2025-03-28T08:45:04.232+0000] {manager.py:997} INFO - 
================================================================================
DAG File Processing Stats

File Path                      PID    Runtime      # DAGs    # Errors  Last Runtime    Last Run               Last # of DB Queries
-----------------------------  -----  ---------  --------  ----------  --------------  -------------------  ----------------------
/opt/airflow/dags/pipeline.py                           1           0  0.49s           2025-03-28T08:44:34                      23
================================================================================
[2025-03-28T08:45:34.763+0000] {manager.py:997} INFO - 
================================================================================
DAG File Processing Stats

File Path                      PID    Runtime      # DAGs    # Errors  Last Runtime    Last Run               Last # of DB Queries
-----------------------------  -----  ---------  --------  ----------  --------------  -------------------  ----------------------
/opt/airflow/dags/pipeline.py                           1           0  0.20s           2025-03-28T08:45:04                      23
================================================================================
[2025-03-28T08:46:05.169+0000] {manager.py:997} INFO - 
================================================================================
DAG File Processing Stats

File Path                        PID  Runtime      # DAGs    # Errors  Last Runtime    Last Run               Last # of DB Queries
-----------------------------  -----  ---------  --------  ----------  --------------  -------------------  ----------------------
/opt/airflow/dags/pipeline.py    108  0.01s             1           0  0.19s           2025-03-28T08:45:35                      23
================================================================================
[2025-03-28T08:46:35.510+0000] {manager.py:997} INFO - 
================================================================================
DAG File Processing Stats

File Path                        PID  Runtime      # DAGs    # Errors  Last Runtime    Last Run               Last # of DB Queries
-----------------------------  -----  ---------  --------  ----------  --------------  -------------------  ----------------------
/opt/airflow/dags/pipeline.py    115  0.01s             1           0  0.19s           2025-03-28T08:46:05                      23
================================================================================
[2025-03-28T08:47:05.729+0000] {manager.py:997} INFO - 
================================================================================
DAG File Processing Stats

File Path                        PID  Runtime      # DAGs    # Errors  Last Runtime    Last Run               Last # of DB Queries
-----------------------------  -----  ---------  --------  ----------  --------------  -------------------  ----------------------
/opt/airflow/dags/pipeline.py    123  0.00s             1           0  0.19s           2025-03-28T08:46:35                      23
================================================================================
[2025-03-28T08:47:15.346+0000] {manager.py:465} INFO - Exiting gracefully upon receiving signal 15
[2025-03-28T08:48:50.377+0000] {manager.py:483} INFO - Processing files using up to 2 processes at a time 
[2025-03-28T08:48:50.378+0000] {manager.py:484} INFO - Process each file at most once every 30 seconds
[2025-03-28T08:48:50.379+0000] {manager.py:485} INFO - Checking for new files in /opt/airflow/dags every 300 seconds
[2025-03-28T08:48:50.379+0000] {manager.py:821} INFO - Searching for files in /opt/airflow/dags
[2025-03-28T08:48:50.439+0000] {manager.py:824} INFO - There are 1 files in /opt/airflow/dags
[2025-03-28T08:48:50.534+0000] {manager.py:997} INFO - 
================================================================================
DAG File Processing Stats

File Path                        PID  Runtime      # DAGs    # Errors  Last Runtime    Last Run      Last # of DB Queries
-----------------------------  -----  ---------  --------  ----------  --------------  ----------  ----------------------
/opt/airflow/dags/pipeline.py     50  0.02s             0           0                                                   0
================================================================================
[2025-03-28T08:49:20.716+0000] {manager.py:997} INFO - 
================================================================================
DAG File Processing Stats

File Path                      PID    Runtime      # DAGs    # Errors  Last Runtime    Last Run               Last # of DB Queries
-----------------------------  -----  ---------  --------  ----------  --------------  -------------------  ----------------------
/opt/airflow/dags/pipeline.py                           1           0  0.34s           2025-03-28T08:48:50                      27
================================================================================
[2025-03-28T08:49:51.216+0000] {manager.py:997} INFO - 
================================================================================
DAG File Processing Stats

File Path                      PID    Runtime      # DAGs    # Errors  Last Runtime    Last Run               Last # of DB Queries
-----------------------------  -----  ---------  --------  ----------  --------------  -------------------  ----------------------
/opt/airflow/dags/pipeline.py                           1           0  0.19s           2025-03-28T08:49:21                      23
================================================================================
[2025-03-28T08:50:21.574+0000] {manager.py:997} INFO - 
================================================================================
DAG File Processing Stats

File Path                      PID    Runtime      # DAGs    # Errors  Last Runtime    Last Run               Last # of DB Queries
-----------------------------  -----  ---------  --------  ----------  --------------  -------------------  ----------------------
/opt/airflow/dags/pipeline.py                           1           0  0.19s           2025-03-28T08:49:51                      23
================================================================================
[2025-03-28T08:50:51.963+0000] {manager.py:997} INFO - 
================================================================================
DAG File Processing Stats

File Path                      PID    Runtime      # DAGs    # Errors  Last Runtime    Last Run               Last # of DB Queries
-----------------------------  -----  ---------  --------  ----------  --------------  -------------------  ----------------------
/opt/airflow/dags/pipeline.py                           1           0  0.11s           2025-03-28T08:50:32                      12
================================================================================
[2025-03-28T08:51:22.223+0000] {manager.py:997} INFO - 
================================================================================
DAG File Processing Stats

File Path                      PID    Runtime      # DAGs    # Errors  Last Runtime    Last Run               Last # of DB Queries
-----------------------------  -----  ---------  --------  ----------  --------------  -------------------  ----------------------
/opt/airflow/dags/pipeline.py                           1           0  0.18s           2025-03-28T08:51:03                      23
================================================================================
[2025-03-28T08:51:52.491+0000] {manager.py:997} INFO - 
================================================================================
DAG File Processing Stats

File Path                      PID    Runtime      # DAGs    # Errors  Last Runtime    Last Run               Last # of DB Queries
-----------------------------  -----  ---------  --------  ----------  --------------  -------------------  ----------------------
/opt/airflow/dags/pipeline.py                           1           0  0.19s           2025-03-28T08:51:33                      23
================================================================================
[2025-03-28T08:52:22.776+0000] {manager.py:997} INFO - 
================================================================================
DAG File Processing Stats

File Path                      PID    Runtime      # DAGs    # Errors  Last Runtime    Last Run               Last # of DB Queries
-----------------------------  -----  ---------  --------  ----------  --------------  -------------------  ----------------------
/opt/airflow/dags/pipeline.py                           1           0  0.19s           2025-03-28T08:52:03                      23
================================================================================
[2025-03-28T08:52:53.049+0000] {manager.py:997} INFO - 
================================================================================
DAG File Processing Stats

File Path                      PID    Runtime      # DAGs    # Errors  Last Runtime    Last Run               Last # of DB Queries
-----------------------------  -----  ---------  --------  ----------  --------------  -------------------  ----------------------
/opt/airflow/dags/pipeline.py                           1           0  0.21s           2025-03-28T08:52:34                      23
================================================================================
[2025-03-28T08:53:23.352+0000] {manager.py:997} INFO - 
================================================================================
DAG File Processing Stats

File Path                      PID    Runtime      # DAGs    # Errors  Last Runtime    Last Run               Last # of DB Queries
-----------------------------  -----  ---------  --------  ----------  --------------  -------------------  ----------------------
/opt/airflow/dags/pipeline.py                           1           0  0.39s           2025-03-28T08:53:04                      23
================================================================================
[2025-03-28T08:53:50.799+0000] {manager.py:821} INFO - Searching for files in /opt/airflow/dags
[2025-03-28T08:53:50.851+0000] {manager.py:824} INFO - There are 1 files in /opt/airflow/dags
[2025-03-28T08:53:53.882+0000] {manager.py:997} INFO - 
================================================================================
DAG File Processing Stats

File Path                      PID    Runtime      # DAGs    # Errors  Last Runtime    Last Run               Last # of DB Queries
-----------------------------  -----  ---------  --------  ----------  --------------  -------------------  ----------------------
/opt/airflow/dags/pipeline.py                           1           0  0.35s           2025-03-28T08:53:35                      23
================================================================================
[2025-03-28T08:54:24.350+0000] {manager.py:997} INFO - 
================================================================================
DAG File Processing Stats

File Path                      PID    Runtime      # DAGs    # Errors  Last Runtime    Last Run               Last # of DB Queries
-----------------------------  -----  ---------  --------  ----------  --------------  -------------------  ----------------------
/opt/airflow/dags/pipeline.py                           1           0  0.19s           2025-03-28T08:54:05                      23
================================================================================
[2025-03-28T08:54:54.726+0000] {manager.py:997} INFO - 
================================================================================
DAG File Processing Stats

File Path                      PID    Runtime      # DAGs    # Errors  Last Runtime    Last Run               Last # of DB Queries
-----------------------------  -----  ---------  --------  ----------  --------------  -------------------  ----------------------
/opt/airflow/dags/pipeline.py                           1           0  0.20s           2025-03-28T08:54:35                      23
================================================================================
[2025-03-28T08:55:25.082+0000] {manager.py:997} INFO - 
================================================================================
DAG File Processing Stats

File Path                      PID    Runtime      # DAGs    # Errors  Last Runtime    Last Run               Last # of DB Queries
-----------------------------  -----  ---------  --------  ----------  --------------  -------------------  ----------------------
/opt/airflow/dags/pipeline.py                           1           0  0.19s           2025-03-28T08:55:06                      23
================================================================================
[2025-03-28T08:55:55.462+0000] {manager.py:997} INFO - 
================================================================================
DAG File Processing Stats

File Path                      PID    Runtime      # DAGs    # Errors  Last Runtime    Last Run               Last # of DB Queries
-----------------------------  -----  ---------  --------  ----------  --------------  -------------------  ----------------------
/opt/airflow/dags/pipeline.py                           1           0  0.33s           2025-03-28T08:55:36                      23
================================================================================
[2025-03-28T08:56:26.076+0000] {manager.py:997} INFO - 
================================================================================
DAG File Processing Stats

File Path                      PID    Runtime      # DAGs    # Errors  Last Runtime    Last Run               Last # of DB Queries
-----------------------------  -----  ---------  --------  ----------  --------------  -------------------  ----------------------
/opt/airflow/dags/pipeline.py                           0           1  0.09s           2025-03-28T08:56:24                       8
================================================================================
[2025-03-28T08:56:56.294+0000] {manager.py:997} INFO - 
================================================================================
DAG File Processing Stats

File Path                      PID    Runtime      # DAGs    # Errors  Last Runtime    Last Run               Last # of DB Queries
-----------------------------  -----  ---------  --------  ----------  --------------  -------------------  ----------------------
/opt/airflow/dags/pipeline.py                           1           0  0.21s           2025-03-28T08:56:54                      23
================================================================================
[2025-03-28T08:57:26.672+0000] {manager.py:997} INFO - 
================================================================================
DAG File Processing Stats

File Path                      PID    Runtime      # DAGs    # Errors  Last Runtime    Last Run               Last # of DB Queries
-----------------------------  -----  ---------  --------  ----------  --------------  -------------------  ----------------------
/opt/airflow/dags/pipeline.py                           1           0  0.19s           2025-03-28T08:57:24                      23
================================================================================
[2025-03-28T08:57:42.833+0000] {manager.py:465} INFO - Exiting gracefully upon receiving signal 15
[2025-03-28T08:58:50.867+0000] {manager.py:483} INFO - Processing files using up to 2 processes at a time 
[2025-03-28T08:58:50.868+0000] {manager.py:484} INFO - Process each file at most once every 30 seconds
[2025-03-28T08:58:50.869+0000] {manager.py:485} INFO - Checking for new files in /opt/airflow/dags every 300 seconds
[2025-03-28T08:58:50.870+0000] {manager.py:821} INFO - Searching for files in /opt/airflow/dags
[2025-03-28T08:58:50.922+0000] {manager.py:824} INFO - There are 1 files in /opt/airflow/dags
[2025-03-28T08:58:51.004+0000] {manager.py:997} INFO - 
================================================================================
DAG File Processing Stats

File Path                        PID  Runtime      # DAGs    # Errors  Last Runtime    Last Run      Last # of DB Queries
-----------------------------  -----  ---------  --------  ----------  --------------  ----------  ----------------------
/opt/airflow/dags/pipeline.py     50  0.02s             0           0                                                   0
================================================================================
[2025-03-28T08:59:21.176+0000] {manager.py:997} INFO - 
================================================================================
DAG File Processing Stats

File Path                      PID    Runtime      # DAGs    # Errors  Last Runtime    Last Run               Last # of DB Queries
-----------------------------  -----  ---------  --------  ----------  --------------  -------------------  ----------------------
/opt/airflow/dags/pipeline.py                           1           0  0.29s           2025-03-28T08:58:51                      27
================================================================================
[2025-03-28T08:59:51.630+0000] {manager.py:997} INFO - 
================================================================================
DAG File Processing Stats

File Path                      PID    Runtime      # DAGs    # Errors  Last Runtime    Last Run               Last # of DB Queries
-----------------------------  -----  ---------  --------  ----------  --------------  -------------------  ----------------------
/opt/airflow/dags/pipeline.py                           1           0  0.19s           2025-03-28T08:59:21                      23
================================================================================
[2025-03-28T09:00:22.014+0000] {manager.py:997} INFO - 
================================================================================
DAG File Processing Stats

File Path                        PID  Runtime      # DAGs    # Errors  Last Runtime    Last Run               Last # of DB Queries
-----------------------------  -----  ---------  --------  ----------  --------------  -------------------  ----------------------
/opt/airflow/dags/pipeline.py     71  0.01s             1           0  0.17s           2025-03-28T08:59:51                      23
================================================================================
[2025-03-28T09:00:52.351+0000] {manager.py:997} INFO - 
================================================================================
DAG File Processing Stats

File Path                        PID  Runtime      # DAGs    # Errors  Last Runtime    Last Run               Last # of DB Queries
-----------------------------  -----  ---------  --------  ----------  --------------  -------------------  ----------------------
/opt/airflow/dags/pipeline.py     84  0.01s             1           0  0.32s           2025-03-28T09:00:22                      23
================================================================================
[2025-03-28T09:01:22.711+0000] {manager.py:997} INFO - 
================================================================================
DAG File Processing Stats

File Path                        PID  Runtime      # DAGs    # Errors  Last Runtime    Last Run               Last # of DB Queries
-----------------------------  -----  ---------  --------  ----------  --------------  -------------------  ----------------------
/opt/airflow/dags/pipeline.py     98  0.01s             1           0  0.19s           2025-03-28T09:00:52                      23
================================================================================
[2025-03-28T09:01:52.932+0000] {manager.py:997} INFO - 
================================================================================
DAG File Processing Stats

File Path                        PID  Runtime      # DAGs    # Errors  Last Runtime    Last Run               Last # of DB Queries
-----------------------------  -----  ---------  --------  ----------  --------------  -------------------  ----------------------
/opt/airflow/dags/pipeline.py    105  0.00s             1           0  0.22s           2025-03-28T09:01:22                      23
================================================================================
[2025-03-28T09:02:23.309+0000] {manager.py:997} INFO - 
================================================================================
DAG File Processing Stats

File Path                        PID  Runtime      # DAGs    # Errors  Last Runtime    Last Run               Last # of DB Queries
-----------------------------  -----  ---------  --------  ----------  --------------  -------------------  ----------------------
/opt/airflow/dags/pipeline.py    112  0.01s             1           0  0.17s           2025-03-28T09:01:53                      23
================================================================================
[2025-03-28T09:02:53.581+0000] {manager.py:997} INFO - 
================================================================================
DAG File Processing Stats

File Path                        PID  Runtime      # DAGs    # Errors  Last Runtime    Last Run               Last # of DB Queries
-----------------------------  -----  ---------  --------  ----------  --------------  -------------------  ----------------------
/opt/airflow/dags/pipeline.py    119  0.01s             1           0  0.20s           2025-03-28T09:02:23                      23
================================================================================
[2025-03-28T09:03:23.900+0000] {manager.py:997} INFO - 
================================================================================
DAG File Processing Stats

File Path                      PID    Runtime      # DAGs    # Errors  Last Runtime    Last Run               Last # of DB Queries
-----------------------------  -----  ---------  --------  ----------  --------------  -------------------  ----------------------
/opt/airflow/dags/pipeline.py                           1           0  0.42s           2025-03-28T09:02:53                      23
================================================================================
[2025-03-28T09:03:51.361+0000] {manager.py:821} INFO - Searching for files in /opt/airflow/dags
[2025-03-28T09:03:51.447+0000] {manager.py:824} INFO - There are 1 files in /opt/airflow/dags
[2025-03-28T09:03:54.480+0000] {manager.py:997} INFO - 
================================================================================
DAG File Processing Stats

File Path                      PID    Runtime      # DAGs    # Errors  Last Runtime    Last Run               Last # of DB Queries
-----------------------------  -----  ---------  --------  ----------  --------------  -------------------  ----------------------
/opt/airflow/dags/pipeline.py                           1           0  0.39s           2025-03-28T09:03:24                      23
================================================================================
[2025-03-28T09:04:25.008+0000] {manager.py:997} INFO - 
================================================================================
DAG File Processing Stats

File Path                      PID    Runtime      # DAGs    # Errors  Last Runtime    Last Run               Last # of DB Queries
-----------------------------  -----  ---------  --------  ----------  --------------  -------------------  ----------------------
/opt/airflow/dags/pipeline.py                           1           0  0.21s           2025-03-28T09:03:55                      23
================================================================================
[2025-03-28T09:04:55.412+0000] {manager.py:997} INFO - 
================================================================================
DAG File Processing Stats

File Path                      PID    Runtime      # DAGs    # Errors  Last Runtime    Last Run               Last # of DB Queries
-----------------------------  -----  ---------  --------  ----------  --------------  -------------------  ----------------------
/opt/airflow/dags/pipeline.py                           1           0  0.22s           2025-03-28T09:04:25                      23
================================================================================
[2025-03-28T09:05:25.798+0000] {manager.py:997} INFO - 
================================================================================
DAG File Processing Stats

File Path                      PID    Runtime      # DAGs    # Errors  Last Runtime    Last Run               Last # of DB Queries
-----------------------------  -----  ---------  --------  ----------  --------------  -------------------  ----------------------
/opt/airflow/dags/pipeline.py                           1           0  0.22s           2025-03-28T09:04:55                      23
================================================================================
[2025-03-28T09:05:56.205+0000] {manager.py:997} INFO - 
================================================================================
DAG File Processing Stats

File Path                      PID    Runtime      # DAGs    # Errors  Last Runtime    Last Run               Last # of DB Queries
-----------------------------  -----  ---------  --------  ----------  --------------  -------------------  ----------------------
/opt/airflow/dags/pipeline.py                           1           0  0.38s           2025-03-28T09:05:26                      23
================================================================================
[2025-03-28T09:06:26.761+0000] {manager.py:997} INFO - 
================================================================================
DAG File Processing Stats

File Path                      PID    Runtime      # DAGs    # Errors  Last Runtime    Last Run               Last # of DB Queries
-----------------------------  -----  ---------  --------  ----------  --------------  -------------------  ----------------------
/opt/airflow/dags/pipeline.py                           1           0  0.36s           2025-03-28T09:05:56                      23
================================================================================
[2025-03-28T09:06:57.308+0000] {manager.py:997} INFO - 
================================================================================
DAG File Processing Stats

File Path                      PID    Runtime      # DAGs    # Errors  Last Runtime    Last Run               Last # of DB Queries
-----------------------------  -----  ---------  --------  ----------  --------------  -------------------  ----------------------
/opt/airflow/dags/pipeline.py                           1           0  0.20s           2025-03-28T09:06:27                      23
================================================================================
[2025-03-28T09:07:27.688+0000] {manager.py:997} INFO - 
================================================================================
DAG File Processing Stats

File Path                      PID    Runtime      # DAGs    # Errors  Last Runtime    Last Run               Last # of DB Queries
-----------------------------  -----  ---------  --------  ----------  --------------  -------------------  ----------------------
/opt/airflow/dags/pipeline.py                           1           0  0.20s           2025-03-28T09:06:57                      23
================================================================================
[2025-03-28T09:07:58.057+0000] {manager.py:997} INFO - 
================================================================================
DAG File Processing Stats

File Path                      PID    Runtime      # DAGs    # Errors  Last Runtime    Last Run               Last # of DB Queries
-----------------------------  -----  ---------  --------  ----------  --------------  -------------------  ----------------------
/opt/airflow/dags/pipeline.py                           1           0  0.24s           2025-03-28T09:07:28                      23
================================================================================
[2025-03-28T09:08:28.476+0000] {manager.py:997} INFO - 
================================================================================
DAG File Processing Stats

File Path                      PID    Runtime      # DAGs    # Errors  Last Runtime    Last Run               Last # of DB Queries
-----------------------------  -----  ---------  --------  ----------  --------------  -------------------  ----------------------
/opt/airflow/dags/pipeline.py                           1           0  0.20s           2025-03-28T09:07:58                      23
================================================================================
[2025-03-28T09:08:51.801+0000] {manager.py:821} INFO - Searching for files in /opt/airflow/dags
[2025-03-28T09:08:51.852+0000] {manager.py:824} INFO - There are 1 files in /opt/airflow/dags
[2025-03-28T09:08:58.904+0000] {manager.py:997} INFO - 
================================================================================
DAG File Processing Stats

File Path                      PID    Runtime      # DAGs    # Errors  Last Runtime    Last Run               Last # of DB Queries
-----------------------------  -----  ---------  --------  ----------  --------------  -------------------  ----------------------
/opt/airflow/dags/pipeline.py                           1           0  0.37s           2025-03-28T09:08:29                      23
================================================================================
[2025-03-28T09:09:29.404+0000] {manager.py:997} INFO - 
================================================================================
DAG File Processing Stats

File Path                      PID    Runtime      # DAGs    # Errors  Last Runtime    Last Run               Last # of DB Queries
-----------------------------  -----  ---------  --------  ----------  --------------  -------------------  ----------------------
/opt/airflow/dags/pipeline.py                           1           0  0.22s           2025-03-28T09:08:59                      23
================================================================================
[2025-03-28T09:09:44.309+0000] {manager.py:465} INFO - Exiting gracefully upon receiving signal 15
