[2025-03-28T08:59:53.087+0000] {local_task_job_runner.py:123} INFO - ::group::Pre task execution logs
[2025-03-28T08:59:53.105+0000] {taskinstance.py:2603} INFO - Dependencies all met for dep_context=non-requeueable deps ti=<TaskInstance: youtube_pipeline_dag.get_video_ids_by_keywords manual__2025-03-28T08:59:52.208154+00:00 [queued]>
[2025-03-28T08:59:53.112+0000] {taskinstance.py:2603} INFO - Dependencies all met for dep_context=requeueable deps ti=<TaskInstance: youtube_pipeline_dag.get_video_ids_by_keywords manual__2025-03-28T08:59:52.208154+00:00 [queued]>
[2025-03-28T08:59:53.113+0000] {taskinstance.py:2856} INFO - Starting attempt 1 of 2
[2025-03-28T08:59:53.126+0000] {taskinstance.py:2879} INFO - Executing <Task(_PythonVirtualenvDecoratedOperator): get_video_ids_by_keywords> on 2025-03-28 08:59:52.208154+00:00
[2025-03-28T08:59:53.135+0000] {standard_task_runner.py:72} INFO - Started process 79 to run task
[2025-03-28T08:59:53.138+0000] {standard_task_runner.py:104} INFO - Running: ['airflow', 'tasks', 'run', 'youtube_pipeline_dag', 'get_video_ids_by_keywords', 'manual__2025-03-28T08:59:52.208154+00:00', '--job-id', '3', '--raw', '--subdir', 'DAGS_FOLDER/pipeline.py', '--cfg-path', '/tmp/tmpgx2ros2w']
[2025-03-28T08:59:53.139+0000] {standard_task_runner.py:105} INFO - Job 3: Subtask get_video_ids_by_keywords
[2025-03-28T08:59:53.189+0000] {task_command.py:467} INFO - Running <TaskInstance: youtube_pipeline_dag.get_video_ids_by_keywords manual__2025-03-28T08:59:52.208154+00:00 [running]> on host ad5e46b2d003
[2025-03-28T08:59:53.267+0000] {taskinstance.py:3122} INFO - Exporting env vars: AIRFLOW_CTX_DAG_OWNER='airflow' AIRFLOW_CTX_DAG_ID='youtube_pipeline_dag' AIRFLOW_CTX_TASK_ID='get_video_ids_by_keywords' AIRFLOW_CTX_EXECUTION_DATE='2025-03-28T08:59:52.208154+00:00' AIRFLOW_CTX_TRY_NUMBER='1' AIRFLOW_CTX_DAG_RUN_ID='manual__2025-03-28T08:59:52.208154+00:00'
[2025-03-28T08:59:53.268+0000] {taskinstance.py:731} INFO - ::endgroup::
[2025-03-28T08:59:53.273+0000] {process_utils.py:186} INFO - Executing cmd: /home/airflow/.local/bin/python -m virtualenv /tmp/venvesabeq4d --python=python
[2025-03-28T08:59:53.275+0000] {process_utils.py:190} INFO - Output:
[2025-03-28T08:59:55.049+0000] {process_utils.py:194} INFO - created virtual environment CPython3.10.14.final.0-64 in 1012ms
[2025-03-28T08:59:55.050+0000] {process_utils.py:194} INFO -   creator CPython3Posix(dest=/tmp/venvesabeq4d, clear=False, no_vcs_ignore=False, global=False)
[2025-03-28T08:59:55.051+0000] {process_utils.py:194} INFO -   seeder FromAppData(download=False, pip=bundle, setuptools=bundle, wheel=bundle, via=copy, app_data_dir=/home/airflow/.local/share/virtualenv)
[2025-03-28T08:59:55.051+0000] {process_utils.py:194} INFO -     added seed packages: pip==24.1, setuptools==70.1.0, wheel==0.43.0
[2025-03-28T08:59:55.052+0000] {process_utils.py:194} INFO -   activators BashActivator,CShellActivator,FishActivator,NushellActivator,PowerShellActivator,PythonActivator
[2025-03-28T08:59:55.116+0000] {process_utils.py:186} INFO - Executing cmd: /tmp/venvesabeq4d/bin/pip install -r /tmp/venvesabeq4d/requirements.txt
[2025-03-28T08:59:55.117+0000] {process_utils.py:190} INFO - Output:
[2025-03-28T08:59:56.542+0000] {process_utils.py:194} INFO - Collecting yt-dlp==2025.3.27 (from -r /tmp/venvesabeq4d/requirements.txt (line 1))
[2025-03-28T08:59:56.762+0000] {process_utils.py:194} INFO -   Downloading yt_dlp-2025.3.27-py3-none-any.whl.metadata (172 kB)
[2025-03-28T08:59:56.900+0000] {process_utils.py:194} INFO -      ━━━━━━━━━━━━━━━━━━━━━━━━━━━━━━━━━━━━━━━ 172.1/172.1 kB 1.2 MB/s eta 0:00:00
[2025-03-28T08:59:56.975+0000] {process_utils.py:194} INFO - Downloading yt_dlp-2025.3.27-py3-none-any.whl (3.2 MB)
[2025-03-28T08:59:57.409+0000] {process_utils.py:194} INFO -    ━━━━━━━━━━━━━━━━━━━━━━━━━━━━━━━━━━━━━━━━ 3.2/3.2 MB 7.4 MB/s eta 0:00:00
[2025-03-28T08:59:57.455+0000] {process_utils.py:194} INFO - Installing collected packages: yt-dlp
[2025-03-28T08:59:58.890+0000] {process_utils.py:194} INFO - Successfully installed yt-dlp-2025.3.27
[2025-03-28T08:59:59.137+0000] {process_utils.py:194} INFO - 
[2025-03-28T08:59:59.139+0000] {process_utils.py:194} INFO - [notice] A new release of pip is available: 24.1 -> 25.0.1
[2025-03-28T08:59:59.140+0000] {process_utils.py:194} INFO - [notice] To update, run: python -m pip install --upgrade pip
[2025-03-28T08:59:59.222+0000] {python.py:513} INFO - Use 'pickle' as serializer.
[2025-03-28T08:59:59.230+0000] {process_utils.py:186} INFO - Executing cmd: /tmp/venvesabeq4d/bin/python /tmp/venv-callrwwco6x5/script.py /tmp/venv-callrwwco6x5/script.in /tmp/venv-callrwwco6x5/script.out /tmp/venv-callrwwco6x5/string_args.txt /tmp/venv-callrwwco6x5/termination.log
[2025-03-28T08:59:59.232+0000] {process_utils.py:190} INFO - Output:
[2025-03-28T09:00:02.992+0000] {python.py:240} INFO - Done. Returned value was: ['q_pJxlcZhsM', 'SzRt50Rg6eU', 'SBjwyHC0X00', 'Zv1aeqWPUv8', 'OGICvBt8ggo', 'kNYaN7fVAKo', 'iABPytW8-9g', 'yhfNiyXj0II', 'YPbigsSt0Dw', '-hJWNccNm78', 'ooseD8-Z29I', 'BgoS3Dq1qKM', '3uSiuIVLq-U', 'KN5k70mVGRA', 'p73QIl4GvJY', '8xPMNlQiGSI', 'faz4t2dSgLo', 'z1zQ8GubCss', 'Ax2oLn1BYvA', 'mQESf6YRklQ', 'vxZ_Z6gaFjc', 'wAN7c-lcw5g', '5-t7xwDcC4E', 'CTuLCVAeG8g', 'dSUbByiwu3E', 'wi7DwbzVEgs', 'fZaeAFt8Ykc', 'OcLdKZui_Uo', 'h_OCxyM69EU', 'jFMkuTkhBpc', 'mnZvn8IiDV8', '6zls4k1LWRU', 'DZh3we51oyA', '3CW0Vqlowrc', 'BCHaxvtMdpI', 'k8tDIJ76FyY', 'BawxaGyxYS0', 'uqg5EPZBGVg', 'JELbPnbqEFU', 'uwv-ECe-xzc', '_m5CLU_6Yf8', 'suvhbY2FtZw', 'zdaxBx-lwD0', 'CKNKDEDEYLg', 'cPWGn7pcgfQ', 'yhXULOkKgy8', 'GN2RxlhP73g']
[2025-03-28T09:00:03.026+0000] {taskinstance.py:340} INFO - ::group::Post task execution logs
[2025-03-28T09:00:03.028+0000] {taskinstance.py:352} INFO - Marking task as SUCCESS. dag_id=youtube_pipeline_dag, task_id=get_video_ids_by_keywords, run_id=manual__2025-03-28T08:59:52.208154+00:00, execution_date=20250328T085952, start_date=20250328T085953, end_date=20250328T090003
[2025-03-28T09:00:03.074+0000] {local_task_job_runner.py:261} INFO - Task exited with return code 0
[2025-03-28T09:00:03.104+0000] {taskinstance.py:3891} INFO - 1 downstream tasks scheduled from follow-on schedule check
[2025-03-28T09:00:03.106+0000] {local_task_job_runner.py:240} INFO - ::endgroup::
