[2025-03-28T09:00:54.561+0000] {local_task_job_runner.py:123} INFO - ::group::Pre task execution logs
[2025-03-28T09:00:54.580+0000] {taskinstance.py:2603} INFO - Dependencies all met for dep_context=non-requeueable deps ti=<TaskInstance: youtube_pipeline_dag.download_single_audio manual__2025-03-28T08:59:52.208154+00:00 map_index=0 [queued]>
[2025-03-28T09:00:54.588+0000] {taskinstance.py:2603} INFO - Dependencies all met for dep_context=requeueable deps ti=<TaskInstance: youtube_pipeline_dag.download_single_audio manual__2025-03-28T08:59:52.208154+00:00 map_index=0 [queued]>
[2025-03-28T09:00:54.589+0000] {taskinstance.py:2856} INFO - Starting attempt 1 of 2
[2025-03-28T09:00:54.600+0000] {taskinstance.py:2879} INFO - Executing <Mapped(_PythonVirtualenvDecoratedOperator): download_single_audio> on 2025-03-28 08:59:52.208154+00:00
[2025-03-28T09:00:54.607+0000] {standard_task_runner.py:72} INFO - Started process 358 to run task
[2025-03-28T09:00:54.610+0000] {standard_task_runner.py:104} INFO - Running: ['airflow', 'tasks', 'run', 'youtube_pipeline_dag', 'download_single_audio', 'manual__2025-03-28T08:59:52.208154+00:00', '--job-id', '7', '--raw', '--subdir', 'DAGS_FOLDER/pipeline.py', '--cfg-path', '/tmp/tmp8c3b254o', '--map-index', '0']
[2025-03-28T09:00:54.611+0000] {standard_task_runner.py:105} INFO - Job 7: Subtask download_single_audio
[2025-03-28T09:00:54.653+0000] {task_command.py:467} INFO - Running <TaskInstance: youtube_pipeline_dag.download_single_audio manual__2025-03-28T08:59:52.208154+00:00 map_index=0 [running]> on host ad5e46b2d003
[2025-03-28T09:00:54.720+0000] {taskinstance.py:3122} INFO - Exporting env vars: AIRFLOW_CTX_DAG_OWNER='airflow' AIRFLOW_CTX_DAG_ID='youtube_pipeline_dag' AIRFLOW_CTX_TASK_ID='download_single_audio' AIRFLOW_CTX_EXECUTION_DATE='2025-03-28T08:59:52.208154+00:00' AIRFLOW_CTX_TRY_NUMBER='1' AIRFLOW_CTX_DAG_RUN_ID='manual__2025-03-28T08:59:52.208154+00:00'
[2025-03-28T09:00:54.721+0000] {taskinstance.py:731} INFO - ::endgroup::
[2025-03-28T09:00:54.724+0000] {process_utils.py:186} INFO - Executing cmd: /home/airflow/.local/bin/python -m virtualenv /tmp/venvsxo1h6i8 --python=python
[2025-03-28T09:00:54.726+0000] {process_utils.py:190} INFO - Output:
[2025-03-28T09:00:55.839+0000] {process_utils.py:194} INFO - created virtual environment CPython3.10.14.final.0-64 in 469ms
[2025-03-28T09:00:55.840+0000] {process_utils.py:194} INFO -   creator CPython3Posix(dest=/tmp/venvsxo1h6i8, clear=False, no_vcs_ignore=False, global=False)
[2025-03-28T09:00:55.841+0000] {process_utils.py:194} INFO -   seeder FromAppData(download=False, pip=bundle, setuptools=bundle, wheel=bundle, via=copy, app_data_dir=/home/airflow/.local/share/virtualenv)
[2025-03-28T09:00:55.841+0000] {process_utils.py:194} INFO -     added seed packages: pip==24.1, setuptools==70.1.0, wheel==0.43.0
[2025-03-28T09:00:55.842+0000] {process_utils.py:194} INFO -   activators BashActivator,CShellActivator,FishActivator,NushellActivator,PowerShellActivator,PythonActivator
[2025-03-28T09:00:55.919+0000] {process_utils.py:186} INFO - Executing cmd: /tmp/venvsxo1h6i8/bin/pip install -r /tmp/venvsxo1h6i8/requirements.txt
[2025-03-28T09:00:55.920+0000] {process_utils.py:190} INFO - Output:
[2025-03-28T09:00:57.294+0000] {process_utils.py:194} INFO - Collecting yt-dlp==2025.3.27 (from -r /tmp/venvsxo1h6i8/requirements.txt (line 1))
[2025-03-28T09:00:57.296+0000] {process_utils.py:194} INFO -   Using cached yt_dlp-2025.3.27-py3-none-any.whl.metadata (172 kB)
[2025-03-28T09:00:57.311+0000] {process_utils.py:194} INFO - Using cached yt_dlp-2025.3.27-py3-none-any.whl (3.2 MB)
[2025-03-28T09:00:57.357+0000] {process_utils.py:194} INFO - Installing collected packages: yt-dlp
[2025-03-28T09:00:59.028+0000] {process_utils.py:194} INFO - Successfully installed yt-dlp-2025.3.27
[2025-03-28T09:00:59.272+0000] {process_utils.py:194} INFO - 
[2025-03-28T09:00:59.273+0000] {process_utils.py:194} INFO - [notice] A new release of pip is available: 24.1 -> 25.0.1
[2025-03-28T09:00:59.274+0000] {process_utils.py:194} INFO - [notice] To update, run: python -m pip install --upgrade pip
[2025-03-28T09:00:59.401+0000] {python.py:513} INFO - Use 'pickle' as serializer.
[2025-03-28T09:00:59.411+0000] {process_utils.py:186} INFO - Executing cmd: /tmp/venvsxo1h6i8/bin/python /tmp/venv-callscl31ecy/script.py /tmp/venv-callscl31ecy/script.in /tmp/venv-callscl31ecy/script.out /tmp/venv-callscl31ecy/string_args.txt /tmp/venv-callscl31ecy/termination.log
[2025-03-28T09:00:59.413+0000] {process_utils.py:190} INFO - Output:
[2025-03-28T09:01:08.522+0000] {process_utils.py:194} INFO - [download]   0.0% of    3.92MiB at  443.94KiB/s ETA 00:09[download]   0.1% of    3.92MiB at    1.00MiB/s ETA 00:03[download]   0.2% of    3.92MiB at    1.90MiB/s ETA 00:02[download]   0.4% of    3.92MiB at    3.43MiB/s ETA 00:01[download]   0.8% of    3.92MiB at    6.20MiB/s ETA 00:00[download]   1.6% of    3.92MiB at   11.20MiB/s ETA 00:00[download]   3.2% of    3.92MiB at   11.73MiB/s ETA 00:00[download]   6.4% of    3.92MiB at   11.18MiB/s ETA 00:00[download]  12.7% of    3.92MiB at   11.11MiB/s ETA 00:00[download]  25.5% of    3.92MiB at   10.99MiB/s ETA 00:00[download]  51.0% of    3.92MiB at    8.75MiB/s ETA 00:00[download] 100.0% of    3.92MiB at    5.95MiB/s ETA 00:00[download] 100% of    3.92MiB in 00:00:00 at 5.74MiB/s                                                         WARNING: Cannot update utime of file
[2025-03-28T09:01:08.712+0000] {python.py:240} INFO - Done. Returned value was: Successfully downloaded Zv1aeqWPUv8
[2025-03-28T09:01:08.732+0000] {taskinstance.py:340} INFO - ::group::Post task execution logs
[2025-03-28T09:01:08.733+0000] {taskinstance.py:352} INFO - Marking task as SUCCESS. dag_id=youtube_pipeline_dag, task_id=download_single_audio, run_id=manual__2025-03-28T08:59:52.208154+00:00, map_index=0, execution_date=20250328T085952, start_date=20250328T090054, end_date=20250328T090108
[2025-03-28T09:01:08.779+0000] {local_task_job_runner.py:261} INFO - Task exited with return code 0
[2025-03-28T09:01:08.796+0000] {taskinstance.py:3891} INFO - 0 downstream tasks scheduled from follow-on schedule check
[2025-03-28T09:01:08.798+0000] {local_task_job_runner.py:240} INFO - ::endgroup::
