[2025-03-28T09:00:54.554+0000] {local_task_job_runner.py:123} INFO - ::group::Pre task execution logs
[2025-03-28T09:00:54.572+0000] {taskinstance.py:2603} INFO - Dependencies all met for dep_context=non-requeueable deps ti=<TaskInstance: youtube_pipeline_dag.download_single_audio manual__2025-03-28T08:59:52.208154+00:00 map_index=1 [queued]>
[2025-03-28T09:00:54.581+0000] {taskinstance.py:2603} INFO - Dependencies all met for dep_context=requeueable deps ti=<TaskInstance: youtube_pipeline_dag.download_single_audio manual__2025-03-28T08:59:52.208154+00:00 map_index=1 [queued]>
[2025-03-28T09:00:54.582+0000] {taskinstance.py:2856} INFO - Starting attempt 1 of 2
[2025-03-28T09:00:54.592+0000] {taskinstance.py:2879} INFO - Executing <Mapped(_PythonVirtualenvDecoratedOperator): download_single_audio> on 2025-03-28 08:59:52.208154+00:00
[2025-03-28T09:00:54.599+0000] {standard_task_runner.py:72} INFO - Started process 355 to run task
[2025-03-28T09:00:54.601+0000] {standard_task_runner.py:104} INFO - Running: ['airflow', 'tasks', 'run', 'youtube_pipeline_dag', 'download_single_audio', 'manual__2025-03-28T08:59:52.208154+00:00', '--job-id', '6', '--raw', '--subdir', 'DAGS_FOLDER/pipeline.py', '--cfg-path', '/tmp/tmp2neh2do7', '--map-index', '1']
[2025-03-28T09:00:54.602+0000] {standard_task_runner.py:105} INFO - Job 6: Subtask download_single_audio
[2025-03-28T09:00:54.648+0000] {task_command.py:467} INFO - Running <TaskInstance: youtube_pipeline_dag.download_single_audio manual__2025-03-28T08:59:52.208154+00:00 map_index=1 [running]> on host ad5e46b2d003
[2025-03-28T09:00:54.714+0000] {taskinstance.py:3122} INFO - Exporting env vars: AIRFLOW_CTX_DAG_OWNER='airflow' AIRFLOW_CTX_DAG_ID='youtube_pipeline_dag' AIRFLOW_CTX_TASK_ID='download_single_audio' AIRFLOW_CTX_EXECUTION_DATE='2025-03-28T08:59:52.208154+00:00' AIRFLOW_CTX_TRY_NUMBER='1' AIRFLOW_CTX_DAG_RUN_ID='manual__2025-03-28T08:59:52.208154+00:00'
[2025-03-28T09:00:54.715+0000] {taskinstance.py:731} INFO - ::endgroup::
[2025-03-28T09:00:54.718+0000] {process_utils.py:186} INFO - Executing cmd: /home/airflow/.local/bin/python -m virtualenv /tmp/venvy73vvbfs --python=python
[2025-03-28T09:00:54.720+0000] {process_utils.py:190} INFO - Output:
[2025-03-28T09:00:55.627+0000] {process_utils.py:194} INFO - created virtual environment CPython3.10.14.final.0-64 in 295ms
[2025-03-28T09:00:55.628+0000] {process_utils.py:194} INFO -   creator CPython3Posix(dest=/tmp/venvy73vvbfs, clear=False, no_vcs_ignore=False, global=False)
[2025-03-28T09:00:55.629+0000] {process_utils.py:194} INFO -   seeder FromAppData(download=False, pip=bundle, setuptools=bundle, wheel=bundle, via=copy, app_data_dir=/home/airflow/.local/share/virtualenv)
[2025-03-28T09:00:55.629+0000] {process_utils.py:194} INFO -     added seed packages: pip==24.1, setuptools==70.1.0, wheel==0.43.0
[2025-03-28T09:00:55.630+0000] {process_utils.py:194} INFO -   activators BashActivator,CShellActivator,FishActivator,NushellActivator,PowerShellActivator,PythonActivator
[2025-03-28T09:00:55.699+0000] {process_utils.py:186} INFO - Executing cmd: /tmp/venvy73vvbfs/bin/pip install -r /tmp/venvy73vvbfs/requirements.txt
[2025-03-28T09:00:55.700+0000] {process_utils.py:190} INFO - Output:
[2025-03-28T09:00:57.063+0000] {process_utils.py:194} INFO - Collecting yt-dlp==2025.3.27 (from -r /tmp/venvy73vvbfs/requirements.txt (line 1))
[2025-03-28T09:00:57.065+0000] {process_utils.py:194} INFO -   Using cached yt_dlp-2025.3.27-py3-none-any.whl.metadata (172 kB)
[2025-03-28T09:00:57.078+0000] {process_utils.py:194} INFO - Using cached yt_dlp-2025.3.27-py3-none-any.whl (3.2 MB)
[2025-03-28T09:00:57.121+0000] {process_utils.py:194} INFO - Installing collected packages: yt-dlp
[2025-03-28T09:00:58.792+0000] {process_utils.py:194} INFO - Successfully installed yt-dlp-2025.3.27
[2025-03-28T09:00:59.008+0000] {process_utils.py:194} INFO - 
[2025-03-28T09:00:59.010+0000] {process_utils.py:194} INFO - [notice] A new release of pip is available: 24.1 -> 25.0.1
[2025-03-28T09:00:59.010+0000] {process_utils.py:194} INFO - [notice] To update, run: python -m pip install --upgrade pip
[2025-03-28T09:00:59.093+0000] {python.py:513} INFO - Use 'pickle' as serializer.
[2025-03-28T09:00:59.102+0000] {process_utils.py:186} INFO - Executing cmd: /tmp/venvy73vvbfs/bin/python /tmp/venv-calleltx2jl4/script.py /tmp/venv-calleltx2jl4/script.in /tmp/venv-calleltx2jl4/script.out /tmp/venv-calleltx2jl4/string_args.txt /tmp/venv-calleltx2jl4/termination.log
[2025-03-28T09:00:59.104+0000] {process_utils.py:190} INFO - Output:
[2025-03-28T09:01:08.759+0000] {process_utils.py:194} INFO - [download]   0.0% of    5.80MiB at   89.57KiB/s ETA 01:06[download]   0.1% of    5.80MiB at  256.03KiB/s ETA 00:23[download]   0.1% of    5.80MiB at  573.31KiB/s ETA 00:10[download]   0.3% of    5.80MiB at    1.15MiB/s ETA 00:05[download]   0.5% of    5.80MiB at    2.29MiB/s ETA 00:02[download]   1.1% of    5.80MiB at    4.44MiB/s ETA 00:01[download]   2.1% of    5.80MiB at    8.09MiB/s ETA 00:00[download]   4.3% of    5.80MiB at   11.01MiB/s ETA 00:00[download]   8.6% of    5.80MiB at   10.80MiB/s ETA 00:00[download]  17.2% of    5.80MiB at   10.83MiB/s ETA 00:00[download]  34.5% of    5.80MiB at   10.88MiB/s ETA 00:00[download]  69.0% of    5.80MiB at   10.98MiB/s ETA 00:00[download] 100.0% of    5.80MiB at   11.06MiB/s ETA 00:00[download] 100% of    5.80MiB in 00:00:00 at 9.83MiB/s                                                         WARNING: Cannot update utime of file
[2025-03-28T09:01:08.924+0000] {python.py:240} INFO - Done. Returned value was: Successfully downloaded kNYaN7fVAKo
[2025-03-28T09:01:08.948+0000] {taskinstance.py:340} INFO - ::group::Post task execution logs
[2025-03-28T09:01:08.949+0000] {taskinstance.py:352} INFO - Marking task as SUCCESS. dag_id=youtube_pipeline_dag, task_id=download_single_audio, run_id=manual__2025-03-28T08:59:52.208154+00:00, map_index=1, execution_date=20250328T085952, start_date=20250328T090054, end_date=20250328T090108
[2025-03-28T09:01:08.980+0000] {local_task_job_runner.py:261} INFO - Task exited with return code 0
[2025-03-28T09:01:08.997+0000] {taskinstance.py:3891} INFO - 0 downstream tasks scheduled from follow-on schedule check
[2025-03-28T09:01:08.999+0000] {local_task_job_runner.py:240} INFO - ::endgroup::
