[2025-03-28T08:50:38.912+0000] {local_task_job_runner.py:123} INFO - ::group::Pre task execution logs
[2025-03-28T08:50:38.930+0000] {taskinstance.py:2603} INFO - Dependencies all met for dep_context=non-requeueable deps ti=<TaskInstance: youtube_pipeline_dag.get_video_ids_by_keywords manual__2025-03-28T08:50:37.678257+00:00 [queued]>
[2025-03-28T08:50:38.939+0000] {taskinstance.py:2603} INFO - Dependencies all met for dep_context=requeueable deps ti=<TaskInstance: youtube_pipeline_dag.get_video_ids_by_keywords manual__2025-03-28T08:50:37.678257+00:00 [queued]>
[2025-03-28T08:50:38.940+0000] {taskinstance.py:2856} INFO - Starting attempt 1 of 2
[2025-03-28T08:50:38.952+0000] {taskinstance.py:2879} INFO - Executing <Task(_PythonVirtualenvDecoratedOperator): get_video_ids_by_keywords> on 2025-03-28 08:50:37.678257+00:00
[2025-03-28T08:50:38.958+0000] {standard_task_runner.py:72} INFO - Started process 93 to run task
[2025-03-28T08:50:38.960+0000] {standard_task_runner.py:104} INFO - Running: ['airflow', 'tasks', 'run', 'youtube_pipeline_dag', 'get_video_ids_by_keywords', 'manual__2025-03-28T08:50:37.678257+00:00', '--job-id', '3', '--raw', '--subdir', 'DAGS_FOLDER/pipeline.py', '--cfg-path', '/tmp/tmp3q9hga70']
[2025-03-28T08:50:38.961+0000] {standard_task_runner.py:105} INFO - Job 3: Subtask get_video_ids_by_keywords
[2025-03-28T08:50:39.009+0000] {task_command.py:467} INFO - Running <TaskInstance: youtube_pipeline_dag.get_video_ids_by_keywords manual__2025-03-28T08:50:37.678257+00:00 [running]> on host b968c2c85c22
[2025-03-28T08:50:39.089+0000] {taskinstance.py:3122} INFO - Exporting env vars: AIRFLOW_CTX_DAG_OWNER='airflow' AIRFLOW_CTX_DAG_ID='youtube_pipeline_dag' AIRFLOW_CTX_TASK_ID='get_video_ids_by_keywords' AIRFLOW_CTX_EXECUTION_DATE='2025-03-28T08:50:37.678257+00:00' AIRFLOW_CTX_TRY_NUMBER='1' AIRFLOW_CTX_DAG_RUN_ID='manual__2025-03-28T08:50:37.678257+00:00'
[2025-03-28T08:50:39.090+0000] {taskinstance.py:731} INFO - ::endgroup::
[2025-03-28T08:50:39.094+0000] {process_utils.py:186} INFO - Executing cmd: /home/airflow/.local/bin/python -m virtualenv /tmp/venvqfnghcyn --python=python
[2025-03-28T08:50:39.095+0000] {process_utils.py:190} INFO - Output:
[2025-03-28T08:50:40.988+0000] {process_utils.py:194} INFO - created virtual environment CPython3.10.14.final.0-64 in 1063ms
[2025-03-28T08:50:40.989+0000] {process_utils.py:194} INFO -   creator CPython3Posix(dest=/tmp/venvqfnghcyn, clear=False, no_vcs_ignore=False, global=False)
[2025-03-28T08:50:40.989+0000] {process_utils.py:194} INFO -   seeder FromAppData(download=False, pip=bundle, setuptools=bundle, wheel=bundle, via=copy, app_data_dir=/home/airflow/.local/share/virtualenv)
[2025-03-28T08:50:40.990+0000] {process_utils.py:194} INFO -     added seed packages: pip==24.1, setuptools==70.1.0, wheel==0.43.0
[2025-03-28T08:50:40.990+0000] {process_utils.py:194} INFO -   activators BashActivator,CShellActivator,FishActivator,NushellActivator,PowerShellActivator,PythonActivator
[2025-03-28T08:50:41.064+0000] {process_utils.py:186} INFO - Executing cmd: /tmp/venvqfnghcyn/bin/pip install -r /tmp/venvqfnghcyn/requirements.txt
[2025-03-28T08:50:41.066+0000] {process_utils.py:190} INFO - Output:
[2025-03-28T08:50:42.521+0000] {process_utils.py:194} INFO - Collecting yt-dlp==2025.3.27 (from -r /tmp/venvqfnghcyn/requirements.txt (line 1))
[2025-03-28T08:50:42.709+0000] {process_utils.py:194} INFO -   Downloading yt_dlp-2025.3.27-py3-none-any.whl.metadata (172 kB)
[2025-03-28T08:50:42.824+0000] {process_utils.py:194} INFO -      ━━━━━━━━━━━━━━━━━━━━━━━━━━━━━━━━━━━━━━━ 172.1/172.1 kB 1.5 MB/s eta 0:00:00
[2025-03-28T08:50:42.929+0000] {process_utils.py:194} INFO - Downloading yt_dlp-2025.3.27-py3-none-any.whl (3.2 MB)
[2025-03-28T08:50:45.773+0000] {process_utils.py:194} INFO -    ━━━━━━━━━━━━━━━━━━━━━━━━━━━━━━━━━━━━━━━━ 3.2/3.2 MB 1.1 MB/s eta 0:00:00
[2025-03-28T08:50:45.811+0000] {process_utils.py:194} INFO - Installing collected packages: yt-dlp
[2025-03-28T08:50:47.274+0000] {process_utils.py:194} INFO - Successfully installed yt-dlp-2025.3.27
[2025-03-28T08:50:47.601+0000] {process_utils.py:194} INFO - 
[2025-03-28T08:50:47.603+0000] {process_utils.py:194} INFO - [notice] A new release of pip is available: 24.1 -> 25.0.1
[2025-03-28T08:50:47.604+0000] {process_utils.py:194} INFO - [notice] To update, run: python -m pip install --upgrade pip
[2025-03-28T08:50:47.689+0000] {python.py:513} INFO - Use 'pickle' as serializer.
[2025-03-28T08:50:47.700+0000] {process_utils.py:186} INFO - Executing cmd: /tmp/venvqfnghcyn/bin/python /tmp/venv-call0it13zfo/script.py /tmp/venv-call0it13zfo/script.in /tmp/venv-call0it13zfo/script.out /tmp/venv-call0it13zfo/string_args.txt /tmp/venv-call0it13zfo/termination.log
[2025-03-28T08:50:47.702+0000] {process_utils.py:190} INFO - Output:
[2025-03-28T08:50:51.944+0000] {python.py:240} INFO - Done. Returned value was: ['q_pJxlcZhsM', 'Y_bv_ZyE_AQ', 'SzRt50Rg6eU', '3MmRBTU1Mc8', 'Zv1aeqWPUv8', 'kNYaN7fVAKo', 'SBjwyHC0X00', 'iABPytW8-9g', 'yhfNiyXj0II', 'YPbigsSt0Dw', '-hJWNccNm78', 'ooseD8-Z29I', '3uSiuIVLq-U', 'Uxqey30vlIM', 'OGICvBt8ggo', 'RzMf2iWdy-c', 'dSUbByiwu3E', 'z1zQ8GubCss', 'Ax2oLn1BYvA', 'mQESf6YRklQ', 'faz4t2dSgLo', 'vxZ_Z6gaFjc', '8xPMNlQiGSI', 'wAN7c-lcw5g', '5-t7xwDcC4E', 'CTuLCVAeG8g', 'wi7DwbzVEgs', 'fZaeAFt8Ykc', 'OcLdKZui_Uo', 'h_OCxyM69EU', 'jFMkuTkhBpc', 'mnZvn8IiDV8', '6zls4k1LWRU', 'DZh3we51oyA', '3CW0Vqlowrc', 'suvhbY2FtZw', 'k8tDIJ76FyY', 'BCHaxvtMdpI', 'BawxaGyxYS0', 'CKNKDEDEYLg', 'uwv-ECe-xzc', 'uqg5EPZBGVg', 'JELbPnbqEFU', '_m5CLU_6Yf8', 'zdaxBx-lwD0', 'LylTAjUdXF4', 'cPWGn7pcgfQ', 'GN2RxlhP73g']
[2025-03-28T08:50:51.974+0000] {taskinstance.py:340} INFO - ::group::Post task execution logs
[2025-03-28T08:50:51.975+0000] {taskinstance.py:352} INFO - Marking task as SUCCESS. dag_id=youtube_pipeline_dag, task_id=get_video_ids_by_keywords, run_id=manual__2025-03-28T08:50:37.678257+00:00, execution_date=20250328T085037, start_date=20250328T085038, end_date=20250328T085051
[2025-03-28T08:50:52.018+0000] {local_task_job_runner.py:261} INFO - Task exited with return code 0
[2025-03-28T08:50:52.051+0000] {taskinstance.py:3891} INFO - 1 downstream tasks scheduled from follow-on schedule check
[2025-03-28T08:50:52.054+0000] {local_task_job_runner.py:240} INFO - ::endgroup::
